CRITICAL - 2023-05-05 00:33:43 --> Undefined array key "js"
in APPPATH/Views/cml/view_cml_menu_principal.php on line 14.
 1 APPPATH/Views/cml/view_cml_menu_principal.php(14): CodeIgniter\Debug\Exceptions->errorHandler(2, 'Undefined array key "js"', '/home/realwebce2/public_html/dashboardepscompensar.realwebcenter.com/app/Views/cml/view_cml_menu_principal.php', 14)
 2 SYSTEMPATH/View/View.php(213): include('/home/realwebce2/public_html/dashboardepscompensar.realwebcenter.com/app/Views/cml/view_cml_menu_principal.php')
 3 SYSTEMPATH/View/View.php(216): CodeIgniter\View\View->CodeIgniter\View\{closure}()
 4 SYSTEMPATH/View/View.php(431): CodeIgniter\View\View->render('cml/view_cml_menu_principal', null, true)
 5 APPPATH/Views/layout/main.php(26): CodeIgniter\View\View->include('cml/view_cml_menu_principal')
 6 SYSTEMPATH/View/View.php(213): include('/home/realwebce2/public_html/dashboardepscompensar.realwebcenter.com/app/Views/layout/main.php')
 7 SYSTEMPATH/View/View.php(216): CodeIgniter\View\View->CodeIgniter\View\{closure}()
 8 SYSTEMPATH/Common.php(1184): CodeIgniter\View\View->render('layout/main', [], true)
 9 APPPATH/Controllers/cml/Controll_cml.php(38): view('layout/main', [...])
10 SYSTEMPATH/CodeIgniter.php(934): App\Controllers\cml\Controll_cml->index('js', 'scripts.js')
11 SYSTEMPATH/CodeIgniter.php(499): CodeIgniter\CodeIgniter->runController(Object(App\Controllers\cml\Controll_cml))
12 SYSTEMPATH/CodeIgniter.php(368): CodeIgniter\CodeIgniter->handleRequest(null, Object(Config\Cache), false)
13 FCPATH/index.php(67): CodeIgniter\CodeIgniter->run()
CRITICAL - 2023-05-05 00:33:43 --> Undefined array key "assets"
in APPPATH/Views/cml/view_cml_menu_principal.php on line 14.
 1 APPPATH/Views/cml/view_cml_menu_principal.php(14): CodeIgniter\Debug\Exceptions->errorHandler(2, 'Undefined array key "assets"', '/home/realwebce2/public_html/dashboardepscompensar.realwebcenter.com/app/Views/cml/view_cml_menu_principal.php', 14)
 2 SYSTEMPATH/View/View.php(213): include('/home/realwebce2/public_html/dashboardepscompensar.realwebcenter.com/app/Views/cml/view_cml_menu_principal.php')
 3 SYSTEMPATH/View/View.php(216): CodeIgniter\View\View->CodeIgniter\View\{closure}()
 4 SYSTEMPATH/View/View.php(431): CodeIgniter\View\View->render('cml/view_cml_menu_principal', null, true)
 5 APPPATH/Views/layout/main.php(26): CodeIgniter\View\View->include('cml/view_cml_menu_principal')
 6 SYSTEMPATH/View/View.php(213): include('/home/realwebce2/public_html/dashboardepscompensar.realwebcenter.com/app/Views/layout/main.php')
 7 SYSTEMPATH/View/View.php(216): CodeIgniter\View\View->CodeIgniter\View\{closure}()
 8 SYSTEMPATH/Common.php(1184): CodeIgniter\View\View->render('layout/main', [], true)
 9 APPPATH/Controllers/cml/Controll_cml.php(38): view('layout/main', [...])
10 SYSTEMPATH/CodeIgniter.php(934): App\Controllers\cml\Controll_cml->index('assets', 'demo', 'chart-area-demo.js')
11 SYSTEMPATH/CodeIgniter.php(499): CodeIgniter\CodeIgniter->runController(Object(App\Controllers\cml\Controll_cml))
12 SYSTEMPATH/CodeIgniter.php(368): CodeIgniter\CodeIgniter->handleRequest(null, Object(Config\Cache), false)
13 FCPATH/index.php(67): CodeIgniter\CodeIgniter->run()
CRITICAL - 2023-05-05 00:33:43 --> Undefined array key "assets"
in APPPATH/Views/cml/view_cml_menu_principal.php on line 14.
 1 APPPATH/Views/cml/view_cml_menu_principal.php(14): CodeIgniter\Debug\Exceptions->errorHandler(2, 'Undefined array key "assets"', '/home/realwebce2/public_html/dashboardepscompensar.realwebcenter.com/app/Views/cml/view_cml_menu_principal.php', 14)
 2 SYSTEMPATH/View/View.php(213): include('/home/realwebce2/public_html/dashboardepscompensar.realwebcenter.com/app/Views/cml/view_cml_menu_principal.php')
 3 SYSTEMPATH/View/View.php(216): CodeIgniter\View\View->CodeIgniter\View\{closure}()
 4 SYSTEMPATH/View/View.php(431): CodeIgniter\View\View->render('cml/view_cml_menu_principal', null, true)
 5 APPPATH/Views/layout/main.php(26): CodeIgniter\View\View->include('cml/view_cml_menu_principal')
 6 SYSTEMPATH/View/View.php(213): include('/home/realwebce2/public_html/dashboardepscompensar.realwebcenter.com/app/Views/layout/main.php')
 7 SYSTEMPATH/View/View.php(216): CodeIgniter\View\View->CodeIgniter\View\{closure}()
 8 SYSTEMPATH/Common.php(1184): CodeIgniter\View\View->render('layout/main', [], true)
 9 APPPATH/Controllers/cml/Controll_cml.php(38): view('layout/main', [...])
10 SYSTEMPATH/CodeIgniter.php(934): App\Controllers\cml\Controll_cml->index('assets', 'demo', 'chart-pie-demo.js')
11 SYSTEMPATH/CodeIgniter.php(499): CodeIgniter\CodeIgniter->runController(Object(App\Controllers\cml\Controll_cml))
12 SYSTEMPATH/CodeIgniter.php(368): CodeIgniter\CodeIgniter->handleRequest(null, Object(Config\Cache), false)
13 FCPATH/index.php(67): CodeIgniter\CodeIgniter->run()
CRITICAL - 2023-05-05 00:33:43 --> Undefined array key "assets"
in APPPATH/Views/cml/view_cml_menu_principal.php on line 14.
 1 APPPATH/Views/cml/view_cml_menu_principal.php(14): CodeIgniter\Debug\Exceptions->errorHandler(2, 'Undefined array key "assets"', '/home/realwebce2/public_html/dashboardepscompensar.realwebcenter.com/app/Views/cml/view_cml_menu_principal.php', 14)
 2 SYSTEMPATH/View/View.php(213): include('/home/realwebce2/public_html/dashboardepscompensar.realwebcenter.com/app/Views/cml/view_cml_menu_principal.php')
 3 SYSTEMPATH/View/View.php(216): CodeIgniter\View\View->CodeIgniter\View\{closure}()
 4 SYSTEMPATH/View/View.php(431): CodeIgniter\View\View->render('cml/view_cml_menu_principal', null, true)
 5 APPPATH/Views/layout/main.php(26): CodeIgniter\View\View->include('cml/view_cml_menu_principal')
 6 SYSTEMPATH/View/View.php(213): include('/home/realwebce2/public_html/dashboardepscompensar.realwebcenter.com/app/Views/layout/main.php')
 7 SYSTEMPATH/View/View.php(216): CodeIgniter\View\View->CodeIgniter\View\{closure}()
 8 SYSTEMPATH/Common.php(1184): CodeIgniter\View\View->render('layout/main', [], true)
 9 APPPATH/Controllers/cml/Controll_cml.php(38): view('layout/main', [...])
10 SYSTEMPATH/CodeIgniter.php(934): App\Controllers\cml\Controll_cml->index('assets', 'demo', 'chart-bar-demo.js')
11 SYSTEMPATH/CodeIgniter.php(499): CodeIgniter\CodeIgniter->runController(Object(App\Controllers\cml\Controll_cml))
12 SYSTEMPATH/CodeIgniter.php(368): CodeIgniter\CodeIgniter->handleRequest(null, Object(Config\Cache), false)
13 FCPATH/index.php(67): CodeIgniter\CodeIgniter->run()
CRITICAL - 2023-05-05 00:38:02 --> Undefined array key "assets"
in APPPATH/Views/cml/view_cml_menu_principal.php on line 14.
 1 APPPATH/Views/cml/view_cml_menu_principal.php(14): CodeIgniter\Debug\Exceptions->errorHandler(2, 'Undefined array key "assets"', '/home/realwebce2/public_html/dashboardepscompensar.realwebcenter.com/app/Views/cml/view_cml_menu_principal.php', 14)
 2 SYSTEMPATH/View/View.php(213): include('/home/realwebce2/public_html/dashboardepscompensar.realwebcenter.com/app/Views/cml/view_cml_menu_principal.php')
 3 SYSTEMPATH/View/View.php(216): CodeIgniter\View\View->CodeIgniter\View\{closure}()
 4 SYSTEMPATH/View/View.php(431): CodeIgniter\View\View->render('cml/view_cml_menu_principal', null, true)
 5 APPPATH/Views/layout/main.php(26): CodeIgniter\View\View->include('cml/view_cml_menu_principal')
 6 SYSTEMPATH/View/View.php(213): include('/home/realwebce2/public_html/dashboardepscompensar.realwebcenter.com/app/Views/layout/main.php')
 7 SYSTEMPATH/View/View.php(216): CodeIgniter\View\View->CodeIgniter\View\{closure}()
 8 SYSTEMPATH/Common.php(1184): CodeIgniter\View\View->render('layout/main', [], true)
 9 APPPATH/Controllers/cml/Controll_cml.php(38): view('layout/main', [...])
10 SYSTEMPATH/CodeIgniter.php(934): App\Controllers\cml\Controll_cml->index('assets', 'demo', 'chart-area-demo.js')
11 SYSTEMPATH/CodeIgniter.php(499): CodeIgniter\CodeIgniter->runController(Object(App\Controllers\cml\Controll_cml))
12 SYSTEMPATH/CodeIgniter.php(368): CodeIgniter\CodeIgniter->handleRequest(null, Object(Config\Cache), false)
13 FCPATH/index.php(67): CodeIgniter\CodeIgniter->run()
CRITICAL - 2023-05-05 00:38:03 --> Undefined array key "js"
in APPPATH/Views/cml/view_cml_menu_principal.php on line 14.
 1 APPPATH/Views/cml/view_cml_menu_principal.php(14): CodeIgniter\Debug\Exceptions->errorHandler(2, 'Undefined array key "js"', '/home/realwebce2/public_html/dashboardepscompensar.realwebcenter.com/app/Views/cml/view_cml_menu_principal.php', 14)
 2 SYSTEMPATH/View/View.php(213): include('/home/realwebce2/public_html/dashboardepscompensar.realwebcenter.com/app/Views/cml/view_cml_menu_principal.php')
 3 SYSTEMPATH/View/View.php(216): CodeIgniter\View\View->CodeIgniter\View\{closure}()
 4 SYSTEMPATH/View/View.php(431): CodeIgniter\View\View->render('cml/view_cml_menu_principal', null, true)
 5 APPPATH/Views/layout/main.php(26): CodeIgniter\View\View->include('cml/view_cml_menu_principal')
 6 SYSTEMPATH/View/View.php(213): include('/home/realwebce2/public_html/dashboardepscompensar.realwebcenter.com/app/Views/layout/main.php')
 7 SYSTEMPATH/View/View.php(216): CodeIgniter\View\View->CodeIgniter\View\{closure}()
 8 SYSTEMPATH/Common.php(1184): CodeIgniter\View\View->render('layout/main', [], true)
 9 APPPATH/Controllers/cml/Controll_cml.php(38): view('layout/main', [...])
10 SYSTEMPATH/CodeIgniter.php(934): App\Controllers\cml\Controll_cml->index('js', 'scripts.js')
11 SYSTEMPATH/CodeIgniter.php(499): CodeIgniter\CodeIgniter->runController(Object(App\Controllers\cml\Controll_cml))
12 SYSTEMPATH/CodeIgniter.php(368): CodeIgniter\CodeIgniter->handleRequest(null, Object(Config\Cache), false)
13 FCPATH/index.php(67): CodeIgniter\CodeIgniter->run()
CRITICAL - 2023-05-05 00:38:03 --> Undefined array key "assets"
in APPPATH/Views/cml/view_cml_menu_principal.php on line 14.
 1 APPPATH/Views/cml/view_cml_menu_principal.php(14): CodeIgniter\Debug\Exceptions->errorHandler(2, 'Undefined array key "assets"', '/home/realwebce2/public_html/dashboardepscompensar.realwebcenter.com/app/Views/cml/view_cml_menu_principal.php', 14)
 2 SYSTEMPATH/View/View.php(213): include('/home/realwebce2/public_html/dashboardepscompensar.realwebcenter.com/app/Views/cml/view_cml_menu_principal.php')
 3 SYSTEMPATH/View/View.php(216): CodeIgniter\View\View->CodeIgniter\View\{closure}()
 4 SYSTEMPATH/View/View.php(431): CodeIgniter\View\View->render('cml/view_cml_menu_principal', null, true)
 5 APPPATH/Views/layout/main.php(26): CodeIgniter\View\View->include('cml/view_cml_menu_principal')
 6 SYSTEMPATH/View/View.php(213): include('/home/realwebce2/public_html/dashboardepscompensar.realwebcenter.com/app/Views/layout/main.php')
 7 SYSTEMPATH/View/View.php(216): CodeIgniter\View\View->CodeIgniter\View\{closure}()
 8 SYSTEMPATH/Common.php(1184): CodeIgniter\View\View->render('layout/main', [], true)
 9 APPPATH/Controllers/cml/Controll_cml.php(38): view('layout/main', [...])
10 SYSTEMPATH/CodeIgniter.php(934): App\Controllers\cml\Controll_cml->index('assets', 'demo', 'chart-bar-demo.js')
11 SYSTEMPATH/CodeIgniter.php(499): CodeIgniter\CodeIgniter->runController(Object(App\Controllers\cml\Controll_cml))
12 SYSTEMPATH/CodeIgniter.php(368): CodeIgniter\CodeIgniter->handleRequest(null, Object(Config\Cache), false)
13 FCPATH/index.php(67): CodeIgniter\CodeIgniter->run()
CRITICAL - 2023-05-05 00:38:03 --> Undefined array key "assets"
in APPPATH/Views/cml/view_cml_menu_principal.php on line 14.
 1 APPPATH/Views/cml/view_cml_menu_principal.php(14): CodeIgniter\Debug\Exceptions->errorHandler(2, 'Undefined array key "assets"', '/home/realwebce2/public_html/dashboardepscompensar.realwebcenter.com/app/Views/cml/view_cml_menu_principal.php', 14)
 2 SYSTEMPATH/View/View.php(213): include('/home/realwebce2/public_html/dashboardepscompensar.realwebcenter.com/app/Views/cml/view_cml_menu_principal.php')
 3 SYSTEMPATH/View/View.php(216): CodeIgniter\View\View->CodeIgniter\View\{closure}()
 4 SYSTEMPATH/View/View.php(431): CodeIgniter\View\View->render('cml/view_cml_menu_principal', null, true)
 5 APPPATH/Views/layout/main.php(26): CodeIgniter\View\View->include('cml/view_cml_menu_principal')
 6 SYSTEMPATH/View/View.php(213): include('/home/realwebce2/public_html/dashboardepscompensar.realwebcenter.com/app/Views/layout/main.php')
 7 SYSTEMPATH/View/View.php(216): CodeIgniter\View\View->CodeIgniter\View\{closure}()
 8 SYSTEMPATH/Common.php(1184): CodeIgniter\View\View->render('layout/main', [], true)
 9 APPPATH/Controllers/cml/Controll_cml.php(38): view('layout/main', [...])
10 SYSTEMPATH/CodeIgniter.php(934): App\Controllers\cml\Controll_cml->index('assets', 'demo', 'chart-pie-demo.js')
11 SYSTEMPATH/CodeIgniter.php(499): CodeIgniter\CodeIgniter->runController(Object(App\Controllers\cml\Controll_cml))
12 SYSTEMPATH/CodeIgniter.php(368): CodeIgniter\CodeIgniter->handleRequest(null, Object(Config\Cache), false)
13 FCPATH/index.php(67): CodeIgniter\CodeIgniter->run()
CRITICAL - 2023-05-05 00:38:15 --> Undefined array key "js"
in APPPATH/Views/cml/view_cml_menu_principal.php on line 14.
 1 APPPATH/Views/cml/view_cml_menu_principal.php(14): CodeIgniter\Debug\Exceptions->errorHandler(2, 'Undefined array key "js"', '/home/realwebce2/public_html/dashboardepscompensar.realwebcenter.com/app/Views/cml/view_cml_menu_principal.php', 14)
 2 SYSTEMPATH/View/View.php(213): include('/home/realwebce2/public_html/dashboardepscompensar.realwebcenter.com/app/Views/cml/view_cml_menu_principal.php')
 3 SYSTEMPATH/View/View.php(216): CodeIgniter\View\View->CodeIgniter\View\{closure}()
 4 SYSTEMPATH/View/View.php(431): CodeIgniter\View\View->render('cml/view_cml_menu_principal', null, true)
 5 APPPATH/Views/layout/main.php(26): CodeIgniter\View\View->include('cml/view_cml_menu_principal')
 6 SYSTEMPATH/View/View.php(213): include('/home/realwebce2/public_html/dashboardepscompensar.realwebcenter.com/app/Views/layout/main.php')
 7 SYSTEMPATH/View/View.php(216): CodeIgniter\View\View->CodeIgniter\View\{closure}()
 8 SYSTEMPATH/Common.php(1184): CodeIgniter\View\View->render('layout/main', [], true)
 9 APPPATH/Controllers/cml/Controll_cml.php(38): view('layout/main', [...])
10 SYSTEMPATH/CodeIgniter.php(934): App\Controllers\cml\Controll_cml->index('js', 'scripts.js')
11 SYSTEMPATH/CodeIgniter.php(499): CodeIgniter\CodeIgniter->runController(Object(App\Controllers\cml\Controll_cml))
12 SYSTEMPATH/CodeIgniter.php(368): CodeIgniter\CodeIgniter->handleRequest(null, Object(Config\Cache), false)
13 FCPATH/index.php(67): CodeIgniter\CodeIgniter->run()
CRITICAL - 2023-05-05 00:38:15 --> Undefined array key "assets"
in APPPATH/Views/cml/view_cml_menu_principal.php on line 14.
 1 APPPATH/Views/cml/view_cml_menu_principal.php(14): CodeIgniter\Debug\Exceptions->errorHandler(2, 'Undefined array key "assets"', '/home/realwebce2/public_html/dashboardepscompensar.realwebcenter.com/app/Views/cml/view_cml_menu_principal.php', 14)
 2 SYSTEMPATH/View/View.php(213): include('/home/realwebce2/public_html/dashboardepscompensar.realwebcenter.com/app/Views/cml/view_cml_menu_principal.php')
 3 SYSTEMPATH/View/View.php(216): CodeIgniter\View\View->CodeIgniter\View\{closure}()
 4 SYSTEMPATH/View/View.php(431): CodeIgniter\View\View->render('cml/view_cml_menu_principal', null, true)
 5 APPPATH/Views/layout/main.php(26): CodeIgniter\View\View->include('cml/view_cml_menu_principal')
 6 SYSTEMPATH/View/View.php(213): include('/home/realwebce2/public_html/dashboardepscompensar.realwebcenter.com/app/Views/layout/main.php')
 7 SYSTEMPATH/View/View.php(216): CodeIgniter\View\View->CodeIgniter\View\{closure}()
 8 SYSTEMPATH/Common.php(1184): CodeIgniter\View\View->render('layout/main', [], true)
 9 APPPATH/Controllers/cml/Controll_cml.php(38): view('layout/main', [...])
10 SYSTEMPATH/CodeIgniter.php(934): App\Controllers\cml\Controll_cml->index('assets', 'demo', 'chart-area-demo.js')
11 SYSTEMPATH/CodeIgniter.php(499): CodeIgniter\CodeIgniter->runController(Object(App\Controllers\cml\Controll_cml))
12 SYSTEMPATH/CodeIgniter.php(368): CodeIgniter\CodeIgniter->handleRequest(null, Object(Config\Cache), false)
13 FCPATH/index.php(67): CodeIgniter\CodeIgniter->run()
CRITICAL - 2023-05-05 00:38:15 --> Undefined array key "assets"
in APPPATH/Views/cml/view_cml_menu_principal.php on line 14.
 1 APPPATH/Views/cml/view_cml_menu_principal.php(14): CodeIgniter\Debug\Exceptions->errorHandler(2, 'Undefined array key "assets"', '/home/realwebce2/public_html/dashboardepscompensar.realwebcenter.com/app/Views/cml/view_cml_menu_principal.php', 14)
 2 SYSTEMPATH/View/View.php(213): include('/home/realwebce2/public_html/dashboardepscompensar.realwebcenter.com/app/Views/cml/view_cml_menu_principal.php')
 3 SYSTEMPATH/View/View.php(216): CodeIgniter\View\View->CodeIgniter\View\{closure}()
 4 SYSTEMPATH/View/View.php(431): CodeIgniter\View\View->render('cml/view_cml_menu_principal', null, true)
 5 APPPATH/Views/layout/main.php(26): CodeIgniter\View\View->include('cml/view_cml_menu_principal')
 6 SYSTEMPATH/View/View.php(213): include('/home/realwebce2/public_html/dashboardepscompensar.realwebcenter.com/app/Views/layout/main.php')
 7 SYSTEMPATH/View/View.php(216): CodeIgniter\View\View->CodeIgniter\View\{closure}()
 8 SYSTEMPATH/Common.php(1184): CodeIgniter\View\View->render('layout/main', [], true)
 9 APPPATH/Controllers/cml/Controll_cml.php(38): view('layout/main', [...])
10 SYSTEMPATH/CodeIgniter.php(934): App\Controllers\cml\Controll_cml->index('assets', 'demo', 'chart-bar-demo.js')
11 SYSTEMPATH/CodeIgniter.php(499): CodeIgniter\CodeIgniter->runController(Object(App\Controllers\cml\Controll_cml))
12 SYSTEMPATH/CodeIgniter.php(368): CodeIgniter\CodeIgniter->handleRequest(null, Object(Config\Cache), false)
13 FCPATH/index.php(67): CodeIgniter\CodeIgniter->run()
CRITICAL - 2023-05-05 00:38:15 --> Undefined array key "assets"
in APPPATH/Views/cml/view_cml_menu_principal.php on line 14.
 1 APPPATH/Views/cml/view_cml_menu_principal.php(14): CodeIgniter\Debug\Exceptions->errorHandler(2, 'Undefined array key "assets"', '/home/realwebce2/public_html/dashboardepscompensar.realwebcenter.com/app/Views/cml/view_cml_menu_principal.php', 14)
 2 SYSTEMPATH/View/View.php(213): include('/home/realwebce2/public_html/dashboardepscompensar.realwebcenter.com/app/Views/cml/view_cml_menu_principal.php')
 3 SYSTEMPATH/View/View.php(216): CodeIgniter\View\View->CodeIgniter\View\{closure}()
 4 SYSTEMPATH/View/View.php(431): CodeIgniter\View\View->render('cml/view_cml_menu_principal', null, true)
 5 APPPATH/Views/layout/main.php(26): CodeIgniter\View\View->include('cml/view_cml_menu_principal')
 6 SYSTEMPATH/View/View.php(213): include('/home/realwebce2/public_html/dashboardepscompensar.realwebcenter.com/app/Views/layout/main.php')
 7 SYSTEMPATH/View/View.php(216): CodeIgniter\View\View->CodeIgniter\View\{closure}()
 8 SYSTEMPATH/Common.php(1184): CodeIgniter\View\View->render('layout/main', [], true)
 9 APPPATH/Controllers/cml/Controll_cml.php(38): view('layout/main', [...])
10 SYSTEMPATH/CodeIgniter.php(934): App\Controllers\cml\Controll_cml->index('assets', 'demo', 'chart-pie-demo.js')
11 SYSTEMPATH/CodeIgniter.php(499): CodeIgniter\CodeIgniter->runController(Object(App\Controllers\cml\Controll_cml))
12 SYSTEMPATH/CodeIgniter.php(368): CodeIgniter\CodeIgniter->handleRequest(null, Object(Config\Cache), false)
13 FCPATH/index.php(67): CodeIgniter\CodeIgniter->run()
CRITICAL - 2023-05-05 00:38:25 --> Undefined array key "js"
in APPPATH/Views/cml/view_cml_menu_principal.php on line 14.
 1 APPPATH/Views/cml/view_cml_menu_principal.php(14): CodeIgniter\Debug\Exceptions->errorHandler(2, 'Undefined array key "js"', '/home/realwebce2/public_html/dashboardepscompensar.realwebcenter.com/app/Views/cml/view_cml_menu_principal.php', 14)
 2 SYSTEMPATH/View/View.php(213): include('/home/realwebce2/public_html/dashboardepscompensar.realwebcenter.com/app/Views/cml/view_cml_menu_principal.php')
 3 SYSTEMPATH/View/View.php(216): CodeIgniter\View\View->CodeIgniter\View\{closure}()
 4 SYSTEMPATH/View/View.php(431): CodeIgniter\View\View->render('cml/view_cml_menu_principal', null, true)
 5 APPPATH/Views/layout/main.php(26): CodeIgniter\View\View->include('cml/view_cml_menu_principal')
 6 SYSTEMPATH/View/View.php(213): include('/home/realwebce2/public_html/dashboardepscompensar.realwebcenter.com/app/Views/layout/main.php')
 7 SYSTEMPATH/View/View.php(216): CodeIgniter\View\View->CodeIgniter\View\{closure}()
 8 SYSTEMPATH/Common.php(1184): CodeIgniter\View\View->render('layout/main', [], true)
 9 APPPATH/Controllers/cml/Controll_cml.php(38): view('layout/main', [...])
10 SYSTEMPATH/CodeIgniter.php(934): App\Controllers\cml\Controll_cml->index('js', 'scripts.js')
11 SYSTEMPATH/CodeIgniter.php(499): CodeIgniter\CodeIgniter->runController(Object(App\Controllers\cml\Controll_cml))
12 SYSTEMPATH/CodeIgniter.php(368): CodeIgniter\CodeIgniter->handleRequest(null, Object(Config\Cache), false)
13 FCPATH/index.php(67): CodeIgniter\CodeIgniter->run()
CRITICAL - 2023-05-05 00:38:25 --> Undefined array key "assets"
in APPPATH/Views/cml/view_cml_menu_principal.php on line 14.
 1 APPPATH/Views/cml/view_cml_menu_principal.php(14): CodeIgniter\Debug\Exceptions->errorHandler(2, 'Undefined array key "assets"', '/home/realwebce2/public_html/dashboardepscompensar.realwebcenter.com/app/Views/cml/view_cml_menu_principal.php', 14)
 2 SYSTEMPATH/View/View.php(213): include('/home/realwebce2/public_html/dashboardepscompensar.realwebcenter.com/app/Views/cml/view_cml_menu_principal.php')
 3 SYSTEMPATH/View/View.php(216): CodeIgniter\View\View->CodeIgniter\View\{closure}()
 4 SYSTEMPATH/View/View.php(431): CodeIgniter\View\View->render('cml/view_cml_menu_principal', null, true)
 5 APPPATH/Views/layout/main.php(26): CodeIgniter\View\View->include('cml/view_cml_menu_principal')
 6 SYSTEMPATH/View/View.php(213): include('/home/realwebce2/public_html/dashboardepscompensar.realwebcenter.com/app/Views/layout/main.php')
 7 SYSTEMPATH/View/View.php(216): CodeIgniter\View\View->CodeIgniter\View\{closure}()
 8 SYSTEMPATH/Common.php(1184): CodeIgniter\View\View->render('layout/main', [], true)
 9 APPPATH/Controllers/cml/Controll_cml.php(38): view('layout/main', [...])
10 SYSTEMPATH/CodeIgniter.php(934): App\Controllers\cml\Controll_cml->index('assets', 'demo', 'chart-area-demo.js')
11 SYSTEMPATH/CodeIgniter.php(499): CodeIgniter\CodeIgniter->runController(Object(App\Controllers\cml\Controll_cml))
12 SYSTEMPATH/CodeIgniter.php(368): CodeIgniter\CodeIgniter->handleRequest(null, Object(Config\Cache), false)
13 FCPATH/index.php(67): CodeIgniter\CodeIgniter->run()
CRITICAL - 2023-05-05 00:38:25 --> Undefined array key "assets"
in APPPATH/Views/cml/view_cml_menu_principal.php on line 14.
 1 APPPATH/Views/cml/view_cml_menu_principal.php(14): CodeIgniter\Debug\Exceptions->errorHandler(2, 'Undefined array key "assets"', '/home/realwebce2/public_html/dashboardepscompensar.realwebcenter.com/app/Views/cml/view_cml_menu_principal.php', 14)
 2 SYSTEMPATH/View/View.php(213): include('/home/realwebce2/public_html/dashboardepscompensar.realwebcenter.com/app/Views/cml/view_cml_menu_principal.php')
 3 SYSTEMPATH/View/View.php(216): CodeIgniter\View\View->CodeIgniter\View\{closure}()
 4 SYSTEMPATH/View/View.php(431): CodeIgniter\View\View->render('cml/view_cml_menu_principal', null, true)
 5 APPPATH/Views/layout/main.php(26): CodeIgniter\View\View->include('cml/view_cml_menu_principal')
 6 SYSTEMPATH/View/View.php(213): include('/home/realwebce2/public_html/dashboardepscompensar.realwebcenter.com/app/Views/layout/main.php')
 7 SYSTEMPATH/View/View.php(216): CodeIgniter\View\View->CodeIgniter\View\{closure}()
 8 SYSTEMPATH/Common.php(1184): CodeIgniter\View\View->render('layout/main', [], true)
 9 APPPATH/Controllers/cml/Controll_cml.php(38): view('layout/main', [...])
10 SYSTEMPATH/CodeIgniter.php(934): App\Controllers\cml\Controll_cml->index('assets', 'demo', 'chart-bar-demo.js')
11 SYSTEMPATH/CodeIgniter.php(499): CodeIgniter\CodeIgniter->runController(Object(App\Controllers\cml\Controll_cml))
12 SYSTEMPATH/CodeIgniter.php(368): CodeIgniter\CodeIgniter->handleRequest(null, Object(Config\Cache), false)
13 FCPATH/index.php(67): CodeIgniter\CodeIgniter->run()
CRITICAL - 2023-05-05 00:38:25 --> Undefined array key "assets"
in APPPATH/Views/cml/view_cml_menu_principal.php on line 14.
 1 APPPATH/Views/cml/view_cml_menu_principal.php(14): CodeIgniter\Debug\Exceptions->errorHandler(2, 'Undefined array key "assets"', '/home/realwebce2/public_html/dashboardepscompensar.realwebcenter.com/app/Views/cml/view_cml_menu_principal.php', 14)
 2 SYSTEMPATH/View/View.php(213): include('/home/realwebce2/public_html/dashboardepscompensar.realwebcenter.com/app/Views/cml/view_cml_menu_principal.php')
 3 SYSTEMPATH/View/View.php(216): CodeIgniter\View\View->CodeIgniter\View\{closure}()
 4 SYSTEMPATH/View/View.php(431): CodeIgniter\View\View->render('cml/view_cml_menu_principal', null, true)
 5 APPPATH/Views/layout/main.php(26): CodeIgniter\View\View->include('cml/view_cml_menu_principal')
 6 SYSTEMPATH/View/View.php(213): include('/home/realwebce2/public_html/dashboardepscompensar.realwebcenter.com/app/Views/layout/main.php')
 7 SYSTEMPATH/View/View.php(216): CodeIgniter\View\View->CodeIgniter\View\{closure}()
 8 SYSTEMPATH/Common.php(1184): CodeIgniter\View\View->render('layout/main', [], true)
 9 APPPATH/Controllers/cml/Controll_cml.php(38): view('layout/main', [...])
10 SYSTEMPATH/CodeIgniter.php(934): App\Controllers\cml\Controll_cml->index('assets', 'demo', 'chart-pie-demo.js')
11 SYSTEMPATH/CodeIgniter.php(499): CodeIgniter\CodeIgniter->runController(Object(App\Controllers\cml\Controll_cml))
12 SYSTEMPATH/CodeIgniter.php(368): CodeIgniter\CodeIgniter->handleRequest(null, Object(Config\Cache), false)
13 FCPATH/index.php(67): CodeIgniter\CodeIgniter->run()
CRITICAL - 2023-05-05 00:39:43 --> Undefined array key "assets"
in APPPATH/Views/cml/view_cml_menu_principal.php on line 14.
 1 APPPATH/Views/cml/view_cml_menu_principal.php(14): CodeIgniter\Debug\Exceptions->errorHandler(2, 'Undefined array key "assets"', '/home/realwebce2/public_html/dashboardepscompensar.realwebcenter.com/app/Views/cml/view_cml_menu_principal.php', 14)
 2 SYSTEMPATH/View/View.php(213): include('/home/realwebce2/public_html/dashboardepscompensar.realwebcenter.com/app/Views/cml/view_cml_menu_principal.php')
 3 SYSTEMPATH/View/View.php(216): CodeIgniter\View\View->CodeIgniter\View\{closure}()
 4 SYSTEMPATH/View/View.php(431): CodeIgniter\View\View->render('cml/view_cml_menu_principal', null, true)
 5 APPPATH/Views/layout/main.php(26): CodeIgniter\View\View->include('cml/view_cml_menu_principal')
 6 SYSTEMPATH/View/View.php(213): include('/home/realwebce2/public_html/dashboardepscompensar.realwebcenter.com/app/Views/layout/main.php')
 7 SYSTEMPATH/View/View.php(216): CodeIgniter\View\View->CodeIgniter\View\{closure}()
 8 SYSTEMPATH/Common.php(1184): CodeIgniter\View\View->render('layout/main', [], true)
 9 APPPATH/Controllers/cml/Controll_cml.php(38): view('layout/main', [...])
10 SYSTEMPATH/CodeIgniter.php(934): App\Controllers\cml\Controll_cml->index('assets', 'demo', 'chart-area-demo.js')
11 SYSTEMPATH/CodeIgniter.php(499): CodeIgniter\CodeIgniter->runController(Object(App\Controllers\cml\Controll_cml))
12 SYSTEMPATH/CodeIgniter.php(368): CodeIgniter\CodeIgniter->handleRequest(null, Object(Config\Cache), false)
13 FCPATH/index.php(67): CodeIgniter\CodeIgniter->run()
CRITICAL - 2023-05-05 00:39:43 --> Undefined array key "js"
in APPPATH/Views/cml/view_cml_menu_principal.php on line 14.
 1 APPPATH/Views/cml/view_cml_menu_principal.php(14): CodeIgniter\Debug\Exceptions->errorHandler(2, 'Undefined array key "js"', '/home/realwebce2/public_html/dashboardepscompensar.realwebcenter.com/app/Views/cml/view_cml_menu_principal.php', 14)
 2 SYSTEMPATH/View/View.php(213): include('/home/realwebce2/public_html/dashboardepscompensar.realwebcenter.com/app/Views/cml/view_cml_menu_principal.php')
 3 SYSTEMPATH/View/View.php(216): CodeIgniter\View\View->CodeIgniter\View\{closure}()
 4 SYSTEMPATH/View/View.php(431): CodeIgniter\View\View->render('cml/view_cml_menu_principal', null, true)
 5 APPPATH/Views/layout/main.php(26): CodeIgniter\View\View->include('cml/view_cml_menu_principal')
 6 SYSTEMPATH/View/View.php(213): include('/home/realwebce2/public_html/dashboardepscompensar.realwebcenter.com/app/Views/layout/main.php')
 7 SYSTEMPATH/View/View.php(216): CodeIgniter\View\View->CodeIgniter\View\{closure}()
 8 SYSTEMPATH/Common.php(1184): CodeIgniter\View\View->render('layout/main', [], true)
 9 APPPATH/Controllers/cml/Controll_cml.php(38): view('layout/main', [...])
10 SYSTEMPATH/CodeIgniter.php(934): App\Controllers\cml\Controll_cml->index('js', 'scripts.js')
11 SYSTEMPATH/CodeIgniter.php(499): CodeIgniter\CodeIgniter->runController(Object(App\Controllers\cml\Controll_cml))
12 SYSTEMPATH/CodeIgniter.php(368): CodeIgniter\CodeIgniter->handleRequest(null, Object(Config\Cache), false)
13 FCPATH/index.php(67): CodeIgniter\CodeIgniter->run()
CRITICAL - 2023-05-05 00:39:43 --> Undefined array key "assets"
in APPPATH/Views/cml/view_cml_menu_principal.php on line 14.
 1 APPPATH/Views/cml/view_cml_menu_principal.php(14): CodeIgniter\Debug\Exceptions->errorHandler(2, 'Undefined array key "assets"', '/home/realwebce2/public_html/dashboardepscompensar.realwebcenter.com/app/Views/cml/view_cml_menu_principal.php', 14)
 2 SYSTEMPATH/View/View.php(213): include('/home/realwebce2/public_html/dashboardepscompensar.realwebcenter.com/app/Views/cml/view_cml_menu_principal.php')
 3 SYSTEMPATH/View/View.php(216): CodeIgniter\View\View->CodeIgniter\View\{closure}()
 4 SYSTEMPATH/View/View.php(431): CodeIgniter\View\View->render('cml/view_cml_menu_principal', null, true)
 5 APPPATH/Views/layout/main.php(26): CodeIgniter\View\View->include('cml/view_cml_menu_principal')
 6 SYSTEMPATH/View/View.php(213): include('/home/realwebce2/public_html/dashboardepscompensar.realwebcenter.com/app/Views/layout/main.php')
 7 SYSTEMPATH/View/View.php(216): CodeIgniter\View\View->CodeIgniter\View\{closure}()
 8 SYSTEMPATH/Common.php(1184): CodeIgniter\View\View->render('layout/main', [], true)
 9 APPPATH/Controllers/cml/Controll_cml.php(38): view('layout/main', [...])
10 SYSTEMPATH/CodeIgniter.php(934): App\Controllers\cml\Controll_cml->index('assets', 'demo', 'chart-pie-demo.js')
11 SYSTEMPATH/CodeIgniter.php(499): CodeIgniter\CodeIgniter->runController(Object(App\Controllers\cml\Controll_cml))
12 SYSTEMPATH/CodeIgniter.php(368): CodeIgniter\CodeIgniter->handleRequest(null, Object(Config\Cache), false)
13 FCPATH/index.php(67): CodeIgniter\CodeIgniter->run()
CRITICAL - 2023-05-05 00:39:43 --> Undefined array key "assets"
in APPPATH/Views/cml/view_cml_menu_principal.php on line 14.
 1 APPPATH/Views/cml/view_cml_menu_principal.php(14): CodeIgniter\Debug\Exceptions->errorHandler(2, 'Undefined array key "assets"', '/home/realwebce2/public_html/dashboardepscompensar.realwebcenter.com/app/Views/cml/view_cml_menu_principal.php', 14)
 2 SYSTEMPATH/View/View.php(213): include('/home/realwebce2/public_html/dashboardepscompensar.realwebcenter.com/app/Views/cml/view_cml_menu_principal.php')
 3 SYSTEMPATH/View/View.php(216): CodeIgniter\View\View->CodeIgniter\View\{closure}()
 4 SYSTEMPATH/View/View.php(431): CodeIgniter\View\View->render('cml/view_cml_menu_principal', null, true)
 5 APPPATH/Views/layout/main.php(26): CodeIgniter\View\View->include('cml/view_cml_menu_principal')
 6 SYSTEMPATH/View/View.php(213): include('/home/realwebce2/public_html/dashboardepscompensar.realwebcenter.com/app/Views/layout/main.php')
 7 SYSTEMPATH/View/View.php(216): CodeIgniter\View\View->CodeIgniter\View\{closure}()
 8 SYSTEMPATH/Common.php(1184): CodeIgniter\View\View->render('layout/main', [], true)
 9 APPPATH/Controllers/cml/Controll_cml.php(38): view('layout/main', [...])
10 SYSTEMPATH/CodeIgniter.php(934): App\Controllers\cml\Controll_cml->index('assets', 'demo', 'chart-bar-demo.js')
11 SYSTEMPATH/CodeIgniter.php(499): CodeIgniter\CodeIgniter->runController(Object(App\Controllers\cml\Controll_cml))
12 SYSTEMPATH/CodeIgniter.php(368): CodeIgniter\CodeIgniter->handleRequest(null, Object(Config\Cache), false)
13 FCPATH/index.php(67): CodeIgniter\CodeIgniter->run()
CRITICAL - 2023-05-05 00:39:48 --> Undefined array key "js"
in APPPATH/Views/cml/view_cml_menu_principal.php on line 14.
 1 APPPATH/Views/cml/view_cml_menu_principal.php(14): CodeIgniter\Debug\Exceptions->errorHandler(2, 'Undefined array key "js"', '/home/realwebce2/public_html/dashboardepscompensar.realwebcenter.com/app/Views/cml/view_cml_menu_principal.php', 14)
 2 SYSTEMPATH/View/View.php(213): include('/home/realwebce2/public_html/dashboardepscompensar.realwebcenter.com/app/Views/cml/view_cml_menu_principal.php')
 3 SYSTEMPATH/View/View.php(216): CodeIgniter\View\View->CodeIgniter\View\{closure}()
 4 SYSTEMPATH/View/View.php(431): CodeIgniter\View\View->render('cml/view_cml_menu_principal', null, true)
 5 APPPATH/Views/layout/main.php(26): CodeIgniter\View\View->include('cml/view_cml_menu_principal')
 6 SYSTEMPATH/View/View.php(213): include('/home/realwebce2/public_html/dashboardepscompensar.realwebcenter.com/app/Views/layout/main.php')
 7 SYSTEMPATH/View/View.php(216): CodeIgniter\View\View->CodeIgniter\View\{closure}()
 8 SYSTEMPATH/Common.php(1184): CodeIgniter\View\View->render('layout/main', [], true)
 9 APPPATH/Controllers/cml/Controll_cml.php(38): view('layout/main', [...])
10 SYSTEMPATH/CodeIgniter.php(934): App\Controllers\cml\Controll_cml->index('js', 'scripts.js')
11 SYSTEMPATH/CodeIgniter.php(499): CodeIgniter\CodeIgniter->runController(Object(App\Controllers\cml\Controll_cml))
12 SYSTEMPATH/CodeIgniter.php(368): CodeIgniter\CodeIgniter->handleRequest(null, Object(Config\Cache), false)
13 FCPATH/index.php(67): CodeIgniter\CodeIgniter->run()
CRITICAL - 2023-05-05 00:39:48 --> Undefined array key "assets"
in APPPATH/Views/cml/view_cml_menu_principal.php on line 14.
 1 APPPATH/Views/cml/view_cml_menu_principal.php(14): CodeIgniter\Debug\Exceptions->errorHandler(2, 'Undefined array key "assets"', '/home/realwebce2/public_html/dashboardepscompensar.realwebcenter.com/app/Views/cml/view_cml_menu_principal.php', 14)
 2 SYSTEMPATH/View/View.php(213): include('/home/realwebce2/public_html/dashboardepscompensar.realwebcenter.com/app/Views/cml/view_cml_menu_principal.php')
 3 SYSTEMPATH/View/View.php(216): CodeIgniter\View\View->CodeIgniter\View\{closure}()
 4 SYSTEMPATH/View/View.php(431): CodeIgniter\View\View->render('cml/view_cml_menu_principal', null, true)
 5 APPPATH/Views/layout/main.php(26): CodeIgniter\View\View->include('cml/view_cml_menu_principal')
 6 SYSTEMPATH/View/View.php(213): include('/home/realwebce2/public_html/dashboardepscompensar.realwebcenter.com/app/Views/layout/main.php')
 7 SYSTEMPATH/View/View.php(216): CodeIgniter\View\View->CodeIgniter\View\{closure}()
 8 SYSTEMPATH/Common.php(1184): CodeIgniter\View\View->render('layout/main', [], true)
 9 APPPATH/Controllers/cml/Controll_cml.php(38): view('layout/main', [...])
10 SYSTEMPATH/CodeIgniter.php(934): App\Controllers\cml\Controll_cml->index('assets', 'demo', 'chart-area-demo.js')
11 SYSTEMPATH/CodeIgniter.php(499): CodeIgniter\CodeIgniter->runController(Object(App\Controllers\cml\Controll_cml))
12 SYSTEMPATH/CodeIgniter.php(368): CodeIgniter\CodeIgniter->handleRequest(null, Object(Config\Cache), false)
13 FCPATH/index.php(67): CodeIgniter\CodeIgniter->run()
CRITICAL - 2023-05-05 00:39:49 --> Undefined array key "assets"
in APPPATH/Views/cml/view_cml_menu_principal.php on line 14.
 1 APPPATH/Views/cml/view_cml_menu_principal.php(14): CodeIgniter\Debug\Exceptions->errorHandler(2, 'Undefined array key "assets"', '/home/realwebce2/public_html/dashboardepscompensar.realwebcenter.com/app/Views/cml/view_cml_menu_principal.php', 14)
 2 SYSTEMPATH/View/View.php(213): include('/home/realwebce2/public_html/dashboardepscompensar.realwebcenter.com/app/Views/cml/view_cml_menu_principal.php')
 3 SYSTEMPATH/View/View.php(216): CodeIgniter\View\View->CodeIgniter\View\{closure}()
 4 SYSTEMPATH/View/View.php(431): CodeIgniter\View\View->render('cml/view_cml_menu_principal', null, true)
 5 APPPATH/Views/layout/main.php(26): CodeIgniter\View\View->include('cml/view_cml_menu_principal')
 6 SYSTEMPATH/View/View.php(213): include('/home/realwebce2/public_html/dashboardepscompensar.realwebcenter.com/app/Views/layout/main.php')
 7 SYSTEMPATH/View/View.php(216): CodeIgniter\View\View->CodeIgniter\View\{closure}()
 8 SYSTEMPATH/Common.php(1184): CodeIgniter\View\View->render('layout/main', [], true)
 9 APPPATH/Controllers/cml/Controll_cml.php(38): view('layout/main', [...])
10 SYSTEMPATH/CodeIgniter.php(934): App\Controllers\cml\Controll_cml->index('assets', 'demo', 'chart-bar-demo.js')
11 SYSTEMPATH/CodeIgniter.php(499): CodeIgniter\CodeIgniter->runController(Object(App\Controllers\cml\Controll_cml))
12 SYSTEMPATH/CodeIgniter.php(368): CodeIgniter\CodeIgniter->handleRequest(null, Object(Config\Cache), false)
13 FCPATH/index.php(67): CodeIgniter\CodeIgniter->run()
CRITICAL - 2023-05-05 00:39:49 --> Undefined array key "assets"
in APPPATH/Views/cml/view_cml_menu_principal.php on line 14.
 1 APPPATH/Views/cml/view_cml_menu_principal.php(14): CodeIgniter\Debug\Exceptions->errorHandler(2, 'Undefined array key "assets"', '/home/realwebce2/public_html/dashboardepscompensar.realwebcenter.com/app/Views/cml/view_cml_menu_principal.php', 14)
 2 SYSTEMPATH/View/View.php(213): include('/home/realwebce2/public_html/dashboardepscompensar.realwebcenter.com/app/Views/cml/view_cml_menu_principal.php')
 3 SYSTEMPATH/View/View.php(216): CodeIgniter\View\View->CodeIgniter\View\{closure}()
 4 SYSTEMPATH/View/View.php(431): CodeIgniter\View\View->render('cml/view_cml_menu_principal', null, true)
 5 APPPATH/Views/layout/main.php(26): CodeIgniter\View\View->include('cml/view_cml_menu_principal')
 6 SYSTEMPATH/View/View.php(213): include('/home/realwebce2/public_html/dashboardepscompensar.realwebcenter.com/app/Views/layout/main.php')
 7 SYSTEMPATH/View/View.php(216): CodeIgniter\View\View->CodeIgniter\View\{closure}()
 8 SYSTEMPATH/Common.php(1184): CodeIgniter\View\View->render('layout/main', [], true)
 9 APPPATH/Controllers/cml/Controll_cml.php(38): view('layout/main', [...])
10 SYSTEMPATH/CodeIgniter.php(934): App\Controllers\cml\Controll_cml->index('assets', 'demo', 'chart-pie-demo.js')
11 SYSTEMPATH/CodeIgniter.php(499): CodeIgniter\CodeIgniter->runController(Object(App\Controllers\cml\Controll_cml))
12 SYSTEMPATH/CodeIgniter.php(368): CodeIgniter\CodeIgniter->handleRequest(null, Object(Config\Cache), false)
13 FCPATH/index.php(67): CodeIgniter\CodeIgniter->run()
CRITICAL - 2023-05-05 00:40:50 --> Undefined array key "js"
in APPPATH/Views/cml/view_cml_menu_principal.php on line 14.
 1 APPPATH/Views/cml/view_cml_menu_principal.php(14): CodeIgniter\Debug\Exceptions->errorHandler(2, 'Undefined array key "js"', '/home/realwebce2/public_html/dashboardepscompensar.realwebcenter.com/app/Views/cml/view_cml_menu_principal.php', 14)
 2 SYSTEMPATH/View/View.php(213): include('/home/realwebce2/public_html/dashboardepscompensar.realwebcenter.com/app/Views/cml/view_cml_menu_principal.php')
 3 SYSTEMPATH/View/View.php(216): CodeIgniter\View\View->CodeIgniter\View\{closure}()
 4 SYSTEMPATH/View/View.php(431): CodeIgniter\View\View->render('cml/view_cml_menu_principal', null, true)
 5 APPPATH/Views/layout/main.php(26): CodeIgniter\View\View->include('cml/view_cml_menu_principal')
 6 SYSTEMPATH/View/View.php(213): include('/home/realwebce2/public_html/dashboardepscompensar.realwebcenter.com/app/Views/layout/main.php')
 7 SYSTEMPATH/View/View.php(216): CodeIgniter\View\View->CodeIgniter\View\{closure}()
 8 SYSTEMPATH/Common.php(1184): CodeIgniter\View\View->render('layout/main', [], true)
 9 APPPATH/Controllers/cml/Controll_cml.php(38): view('layout/main', [...])
10 SYSTEMPATH/CodeIgniter.php(934): App\Controllers\cml\Controll_cml->index('js', 'scripts.js')
11 SYSTEMPATH/CodeIgniter.php(499): CodeIgniter\CodeIgniter->runController(Object(App\Controllers\cml\Controll_cml))
12 SYSTEMPATH/CodeIgniter.php(368): CodeIgniter\CodeIgniter->handleRequest(null, Object(Config\Cache), false)
13 FCPATH/index.php(67): CodeIgniter\CodeIgniter->run()
CRITICAL - 2023-05-05 00:40:50 --> Undefined array key "assets"
in APPPATH/Views/cml/view_cml_menu_principal.php on line 14.
 1 APPPATH/Views/cml/view_cml_menu_principal.php(14): CodeIgniter\Debug\Exceptions->errorHandler(2, 'Undefined array key "assets"', '/home/realwebce2/public_html/dashboardepscompensar.realwebcenter.com/app/Views/cml/view_cml_menu_principal.php', 14)
 2 SYSTEMPATH/View/View.php(213): include('/home/realwebce2/public_html/dashboardepscompensar.realwebcenter.com/app/Views/cml/view_cml_menu_principal.php')
 3 SYSTEMPATH/View/View.php(216): CodeIgniter\View\View->CodeIgniter\View\{closure}()
 4 SYSTEMPATH/View/View.php(431): CodeIgniter\View\View->render('cml/view_cml_menu_principal', null, true)
 5 APPPATH/Views/layout/main.php(26): CodeIgniter\View\View->include('cml/view_cml_menu_principal')
 6 SYSTEMPATH/View/View.php(213): include('/home/realwebce2/public_html/dashboardepscompensar.realwebcenter.com/app/Views/layout/main.php')
 7 SYSTEMPATH/View/View.php(216): CodeIgniter\View\View->CodeIgniter\View\{closure}()
 8 SYSTEMPATH/Common.php(1184): CodeIgniter\View\View->render('layout/main', [], true)
 9 APPPATH/Controllers/cml/Controll_cml.php(38): view('layout/main', [...])
10 SYSTEMPATH/CodeIgniter.php(934): App\Controllers\cml\Controll_cml->index('assets', 'demo', 'chart-area-demo.js')
11 SYSTEMPATH/CodeIgniter.php(499): CodeIgniter\CodeIgniter->runController(Object(App\Controllers\cml\Controll_cml))
12 SYSTEMPATH/CodeIgniter.php(368): CodeIgniter\CodeIgniter->handleRequest(null, Object(Config\Cache), false)
13 FCPATH/index.php(67): CodeIgniter\CodeIgniter->run()
CRITICAL - 2023-05-05 00:40:50 --> Undefined array key "assets"
in APPPATH/Views/cml/view_cml_menu_principal.php on line 14.
 1 APPPATH/Views/cml/view_cml_menu_principal.php(14): CodeIgniter\Debug\Exceptions->errorHandler(2, 'Undefined array key "assets"', '/home/realwebce2/public_html/dashboardepscompensar.realwebcenter.com/app/Views/cml/view_cml_menu_principal.php', 14)
 2 SYSTEMPATH/View/View.php(213): include('/home/realwebce2/public_html/dashboardepscompensar.realwebcenter.com/app/Views/cml/view_cml_menu_principal.php')
 3 SYSTEMPATH/View/View.php(216): CodeIgniter\View\View->CodeIgniter\View\{closure}()
 4 SYSTEMPATH/View/View.php(431): CodeIgniter\View\View->render('cml/view_cml_menu_principal', null, true)
 5 APPPATH/Views/layout/main.php(26): CodeIgniter\View\View->include('cml/view_cml_menu_principal')
 6 SYSTEMPATH/View/View.php(213): include('/home/realwebce2/public_html/dashboardepscompensar.realwebcenter.com/app/Views/layout/main.php')
 7 SYSTEMPATH/View/View.php(216): CodeIgniter\View\View->CodeIgniter\View\{closure}()
 8 SYSTEMPATH/Common.php(1184): CodeIgniter\View\View->render('layout/main', [], true)
 9 APPPATH/Controllers/cml/Controll_cml.php(38): view('layout/main', [...])
10 SYSTEMPATH/CodeIgniter.php(934): App\Controllers\cml\Controll_cml->index('assets', 'demo', 'chart-pie-demo.js')
11 SYSTEMPATH/CodeIgniter.php(499): CodeIgniter\CodeIgniter->runController(Object(App\Controllers\cml\Controll_cml))
12 SYSTEMPATH/CodeIgniter.php(368): CodeIgniter\CodeIgniter->handleRequest(null, Object(Config\Cache), false)
13 FCPATH/index.php(67): CodeIgniter\CodeIgniter->run()
CRITICAL - 2023-05-05 00:40:50 --> Undefined array key "assets"
in APPPATH/Views/cml/view_cml_menu_principal.php on line 14.
 1 APPPATH/Views/cml/view_cml_menu_principal.php(14): CodeIgniter\Debug\Exceptions->errorHandler(2, 'Undefined array key "assets"', '/home/realwebce2/public_html/dashboardepscompensar.realwebcenter.com/app/Views/cml/view_cml_menu_principal.php', 14)
 2 SYSTEMPATH/View/View.php(213): include('/home/realwebce2/public_html/dashboardepscompensar.realwebcenter.com/app/Views/cml/view_cml_menu_principal.php')
 3 SYSTEMPATH/View/View.php(216): CodeIgniter\View\View->CodeIgniter\View\{closure}()
 4 SYSTEMPATH/View/View.php(431): CodeIgniter\View\View->render('cml/view_cml_menu_principal', null, true)
 5 APPPATH/Views/layout/main.php(26): CodeIgniter\View\View->include('cml/view_cml_menu_principal')
 6 SYSTEMPATH/View/View.php(213): include('/home/realwebce2/public_html/dashboardepscompensar.realwebcenter.com/app/Views/layout/main.php')
 7 SYSTEMPATH/View/View.php(216): CodeIgniter\View\View->CodeIgniter\View\{closure}()
 8 SYSTEMPATH/Common.php(1184): CodeIgniter\View\View->render('layout/main', [], true)
 9 APPPATH/Controllers/cml/Controll_cml.php(38): view('layout/main', [...])
10 SYSTEMPATH/CodeIgniter.php(934): App\Controllers\cml\Controll_cml->index('assets', 'demo', 'chart-bar-demo.js')
11 SYSTEMPATH/CodeIgniter.php(499): CodeIgniter\CodeIgniter->runController(Object(App\Controllers\cml\Controll_cml))
12 SYSTEMPATH/CodeIgniter.php(368): CodeIgniter\CodeIgniter->handleRequest(null, Object(Config\Cache), false)
13 FCPATH/index.php(67): CodeIgniter\CodeIgniter->run()
CRITICAL - 2023-05-05 00:41:40 --> Undefined array key "js"
in APPPATH/Views/cml/view_cml_menu_principal.php on line 14.
 1 APPPATH/Views/cml/view_cml_menu_principal.php(14): CodeIgniter\Debug\Exceptions->errorHandler(2, 'Undefined array key "js"', '/home/realwebce2/public_html/dashboardepscompensar.realwebcenter.com/app/Views/cml/view_cml_menu_principal.php', 14)
 2 SYSTEMPATH/View/View.php(213): include('/home/realwebce2/public_html/dashboardepscompensar.realwebcenter.com/app/Views/cml/view_cml_menu_principal.php')
 3 SYSTEMPATH/View/View.php(216): CodeIgniter\View\View->CodeIgniter\View\{closure}()
 4 SYSTEMPATH/View/View.php(431): CodeIgniter\View\View->render('cml/view_cml_menu_principal', null, true)
 5 APPPATH/Views/layout/main.php(26): CodeIgniter\View\View->include('cml/view_cml_menu_principal')
 6 SYSTEMPATH/View/View.php(213): include('/home/realwebce2/public_html/dashboardepscompensar.realwebcenter.com/app/Views/layout/main.php')
 7 SYSTEMPATH/View/View.php(216): CodeIgniter\View\View->CodeIgniter\View\{closure}()
 8 SYSTEMPATH/Common.php(1184): CodeIgniter\View\View->render('layout/main', [], true)
 9 APPPATH/Controllers/cml/Controll_cml.php(38): view('layout/main', [...])
10 SYSTEMPATH/CodeIgniter.php(934): App\Controllers\cml\Controll_cml->index('js', 'scripts.js')
11 SYSTEMPATH/CodeIgniter.php(499): CodeIgniter\CodeIgniter->runController(Object(App\Controllers\cml\Controll_cml))
12 SYSTEMPATH/CodeIgniter.php(368): CodeIgniter\CodeIgniter->handleRequest(null, Object(Config\Cache), false)
13 FCPATH/index.php(67): CodeIgniter\CodeIgniter->run()
CRITICAL - 2023-05-05 00:41:40 --> Undefined array key "assets"
in APPPATH/Views/cml/view_cml_menu_principal.php on line 14.
 1 APPPATH/Views/cml/view_cml_menu_principal.php(14): CodeIgniter\Debug\Exceptions->errorHandler(2, 'Undefined array key "assets"', '/home/realwebce2/public_html/dashboardepscompensar.realwebcenter.com/app/Views/cml/view_cml_menu_principal.php', 14)
 2 SYSTEMPATH/View/View.php(213): include('/home/realwebce2/public_html/dashboardepscompensar.realwebcenter.com/app/Views/cml/view_cml_menu_principal.php')
 3 SYSTEMPATH/View/View.php(216): CodeIgniter\View\View->CodeIgniter\View\{closure}()
 4 SYSTEMPATH/View/View.php(431): CodeIgniter\View\View->render('cml/view_cml_menu_principal', null, true)
 5 APPPATH/Views/layout/main.php(26): CodeIgniter\View\View->include('cml/view_cml_menu_principal')
 6 SYSTEMPATH/View/View.php(213): include('/home/realwebce2/public_html/dashboardepscompensar.realwebcenter.com/app/Views/layout/main.php')
 7 SYSTEMPATH/View/View.php(216): CodeIgniter\View\View->CodeIgniter\View\{closure}()
 8 SYSTEMPATH/Common.php(1184): CodeIgniter\View\View->render('layout/main', [], true)
 9 APPPATH/Controllers/cml/Controll_cml.php(38): view('layout/main', [...])
10 SYSTEMPATH/CodeIgniter.php(934): App\Controllers\cml\Controll_cml->index('assets', 'demo', 'chart-area-demo.js')
11 SYSTEMPATH/CodeIgniter.php(499): CodeIgniter\CodeIgniter->runController(Object(App\Controllers\cml\Controll_cml))
12 SYSTEMPATH/CodeIgniter.php(368): CodeIgniter\CodeIgniter->handleRequest(null, Object(Config\Cache), false)
13 FCPATH/index.php(67): CodeIgniter\CodeIgniter->run()
CRITICAL - 2023-05-05 00:41:40 --> Undefined array key "assets"
in APPPATH/Views/cml/view_cml_menu_principal.php on line 14.
 1 APPPATH/Views/cml/view_cml_menu_principal.php(14): CodeIgniter\Debug\Exceptions->errorHandler(2, 'Undefined array key "assets"', '/home/realwebce2/public_html/dashboardepscompensar.realwebcenter.com/app/Views/cml/view_cml_menu_principal.php', 14)
 2 SYSTEMPATH/View/View.php(213): include('/home/realwebce2/public_html/dashboardepscompensar.realwebcenter.com/app/Views/cml/view_cml_menu_principal.php')
 3 SYSTEMPATH/View/View.php(216): CodeIgniter\View\View->CodeIgniter\View\{closure}()
 4 SYSTEMPATH/View/View.php(431): CodeIgniter\View\View->render('cml/view_cml_menu_principal', null, true)
 5 APPPATH/Views/layout/main.php(26): CodeIgniter\View\View->include('cml/view_cml_menu_principal')
 6 SYSTEMPATH/View/View.php(213): include('/home/realwebce2/public_html/dashboardepscompensar.realwebcenter.com/app/Views/layout/main.php')
 7 SYSTEMPATH/View/View.php(216): CodeIgniter\View\View->CodeIgniter\View\{closure}()
 8 SYSTEMPATH/Common.php(1184): CodeIgniter\View\View->render('layout/main', [], true)
 9 APPPATH/Controllers/cml/Controll_cml.php(38): view('layout/main', [...])
10 SYSTEMPATH/CodeIgniter.php(934): App\Controllers\cml\Controll_cml->index('assets', 'demo', 'chart-bar-demo.js')
11 SYSTEMPATH/CodeIgniter.php(499): CodeIgniter\CodeIgniter->runController(Object(App\Controllers\cml\Controll_cml))
12 SYSTEMPATH/CodeIgniter.php(368): CodeIgniter\CodeIgniter->handleRequest(null, Object(Config\Cache), false)
13 FCPATH/index.php(67): CodeIgniter\CodeIgniter->run()
CRITICAL - 2023-05-05 00:41:40 --> Undefined array key "assets"
in APPPATH/Views/cml/view_cml_menu_principal.php on line 14.
 1 APPPATH/Views/cml/view_cml_menu_principal.php(14): CodeIgniter\Debug\Exceptions->errorHandler(2, 'Undefined array key "assets"', '/home/realwebce2/public_html/dashboardepscompensar.realwebcenter.com/app/Views/cml/view_cml_menu_principal.php', 14)
 2 SYSTEMPATH/View/View.php(213): include('/home/realwebce2/public_html/dashboardepscompensar.realwebcenter.com/app/Views/cml/view_cml_menu_principal.php')
 3 SYSTEMPATH/View/View.php(216): CodeIgniter\View\View->CodeIgniter\View\{closure}()
 4 SYSTEMPATH/View/View.php(431): CodeIgniter\View\View->render('cml/view_cml_menu_principal', null, true)
 5 APPPATH/Views/layout/main.php(26): CodeIgniter\View\View->include('cml/view_cml_menu_principal')
 6 SYSTEMPATH/View/View.php(213): include('/home/realwebce2/public_html/dashboardepscompensar.realwebcenter.com/app/Views/layout/main.php')
 7 SYSTEMPATH/View/View.php(216): CodeIgniter\View\View->CodeIgniter\View\{closure}()
 8 SYSTEMPATH/Common.php(1184): CodeIgniter\View\View->render('layout/main', [], true)
 9 APPPATH/Controllers/cml/Controll_cml.php(38): view('layout/main', [...])
10 SYSTEMPATH/CodeIgniter.php(934): App\Controllers\cml\Controll_cml->index('assets', 'demo', 'chart-pie-demo.js')
11 SYSTEMPATH/CodeIgniter.php(499): CodeIgniter\CodeIgniter->runController(Object(App\Controllers\cml\Controll_cml))
12 SYSTEMPATH/CodeIgniter.php(368): CodeIgniter\CodeIgniter->handleRequest(null, Object(Config\Cache), false)
13 FCPATH/index.php(67): CodeIgniter\CodeIgniter->run()
CRITICAL - 2023-05-05 00:42:55 --> Undefined array key "assets"
in APPPATH/Views/cml/view_cml_menu_principal.php on line 14.
 1 APPPATH/Views/cml/view_cml_menu_principal.php(14): CodeIgniter\Debug\Exceptions->errorHandler(2, 'Undefined array key "assets"', '/home/realwebce2/public_html/dashboardepscompensar.realwebcenter.com/app/Views/cml/view_cml_menu_principal.php', 14)
 2 SYSTEMPATH/View/View.php(213): include('/home/realwebce2/public_html/dashboardepscompensar.realwebcenter.com/app/Views/cml/view_cml_menu_principal.php')
 3 SYSTEMPATH/View/View.php(216): CodeIgniter\View\View->CodeIgniter\View\{closure}()
 4 SYSTEMPATH/View/View.php(431): CodeIgniter\View\View->render('cml/view_cml_menu_principal', null, true)
 5 APPPATH/Views/layout/main.php(26): CodeIgniter\View\View->include('cml/view_cml_menu_principal')
 6 SYSTEMPATH/View/View.php(213): include('/home/realwebce2/public_html/dashboardepscompensar.realwebcenter.com/app/Views/layout/main.php')
 7 SYSTEMPATH/View/View.php(216): CodeIgniter\View\View->CodeIgniter\View\{closure}()
 8 SYSTEMPATH/Common.php(1184): CodeIgniter\View\View->render('layout/main', [], true)
 9 APPPATH/Controllers/cml/Controll_cml.php(38): view('layout/main', [...])
10 SYSTEMPATH/CodeIgniter.php(934): App\Controllers\cml\Controll_cml->index('assets', 'demo', 'chart-area-demo.js')
11 SYSTEMPATH/CodeIgniter.php(499): CodeIgniter\CodeIgniter->runController(Object(App\Controllers\cml\Controll_cml))
12 SYSTEMPATH/CodeIgniter.php(368): CodeIgniter\CodeIgniter->handleRequest(null, Object(Config\Cache), false)
13 FCPATH/index.php(67): CodeIgniter\CodeIgniter->run()
CRITICAL - 2023-05-05 00:42:55 --> Undefined array key "js"
in APPPATH/Views/cml/view_cml_menu_principal.php on line 14.
 1 APPPATH/Views/cml/view_cml_menu_principal.php(14): CodeIgniter\Debug\Exceptions->errorHandler(2, 'Undefined array key "js"', '/home/realwebce2/public_html/dashboardepscompensar.realwebcenter.com/app/Views/cml/view_cml_menu_principal.php', 14)
 2 SYSTEMPATH/View/View.php(213): include('/home/realwebce2/public_html/dashboardepscompensar.realwebcenter.com/app/Views/cml/view_cml_menu_principal.php')
 3 SYSTEMPATH/View/View.php(216): CodeIgniter\View\View->CodeIgniter\View\{closure}()
 4 SYSTEMPATH/View/View.php(431): CodeIgniter\View\View->render('cml/view_cml_menu_principal', null, true)
 5 APPPATH/Views/layout/main.php(26): CodeIgniter\View\View->include('cml/view_cml_menu_principal')
 6 SYSTEMPATH/View/View.php(213): include('/home/realwebce2/public_html/dashboardepscompensar.realwebcenter.com/app/Views/layout/main.php')
 7 SYSTEMPATH/View/View.php(216): CodeIgniter\View\View->CodeIgniter\View\{closure}()
 8 SYSTEMPATH/Common.php(1184): CodeIgniter\View\View->render('layout/main', [], true)
 9 APPPATH/Controllers/cml/Controll_cml.php(38): view('layout/main', [...])
10 SYSTEMPATH/CodeIgniter.php(934): App\Controllers\cml\Controll_cml->index('js', 'scripts.js')
11 SYSTEMPATH/CodeIgniter.php(499): CodeIgniter\CodeIgniter->runController(Object(App\Controllers\cml\Controll_cml))
12 SYSTEMPATH/CodeIgniter.php(368): CodeIgniter\CodeIgniter->handleRequest(null, Object(Config\Cache), false)
13 FCPATH/index.php(67): CodeIgniter\CodeIgniter->run()
CRITICAL - 2023-05-05 00:42:55 --> Undefined array key "assets"
in APPPATH/Views/cml/view_cml_menu_principal.php on line 14.
 1 APPPATH/Views/cml/view_cml_menu_principal.php(14): CodeIgniter\Debug\Exceptions->errorHandler(2, 'Undefined array key "assets"', '/home/realwebce2/public_html/dashboardepscompensar.realwebcenter.com/app/Views/cml/view_cml_menu_principal.php', 14)
 2 SYSTEMPATH/View/View.php(213): include('/home/realwebce2/public_html/dashboardepscompensar.realwebcenter.com/app/Views/cml/view_cml_menu_principal.php')
 3 SYSTEMPATH/View/View.php(216): CodeIgniter\View\View->CodeIgniter\View\{closure}()
 4 SYSTEMPATH/View/View.php(431): CodeIgniter\View\View->render('cml/view_cml_menu_principal', null, true)
 5 APPPATH/Views/layout/main.php(26): CodeIgniter\View\View->include('cml/view_cml_menu_principal')
 6 SYSTEMPATH/View/View.php(213): include('/home/realwebce2/public_html/dashboardepscompensar.realwebcenter.com/app/Views/layout/main.php')
 7 SYSTEMPATH/View/View.php(216): CodeIgniter\View\View->CodeIgniter\View\{closure}()
 8 SYSTEMPATH/Common.php(1184): CodeIgniter\View\View->render('layout/main', [], true)
 9 APPPATH/Controllers/cml/Controll_cml.php(38): view('layout/main', [...])
10 SYSTEMPATH/CodeIgniter.php(934): App\Controllers\cml\Controll_cml->index('assets', 'demo', 'chart-pie-demo.js')
11 SYSTEMPATH/CodeIgniter.php(499): CodeIgniter\CodeIgniter->runController(Object(App\Controllers\cml\Controll_cml))
12 SYSTEMPATH/CodeIgniter.php(368): CodeIgniter\CodeIgniter->handleRequest(null, Object(Config\Cache), false)
13 FCPATH/index.php(67): CodeIgniter\CodeIgniter->run()
CRITICAL - 2023-05-05 00:42:55 --> Undefined array key "assets"
in APPPATH/Views/cml/view_cml_menu_principal.php on line 14.
 1 APPPATH/Views/cml/view_cml_menu_principal.php(14): CodeIgniter\Debug\Exceptions->errorHandler(2, 'Undefined array key "assets"', '/home/realwebce2/public_html/dashboardepscompensar.realwebcenter.com/app/Views/cml/view_cml_menu_principal.php', 14)
 2 SYSTEMPATH/View/View.php(213): include('/home/realwebce2/public_html/dashboardepscompensar.realwebcenter.com/app/Views/cml/view_cml_menu_principal.php')
 3 SYSTEMPATH/View/View.php(216): CodeIgniter\View\View->CodeIgniter\View\{closure}()
 4 SYSTEMPATH/View/View.php(431): CodeIgniter\View\View->render('cml/view_cml_menu_principal', null, true)
 5 APPPATH/Views/layout/main.php(26): CodeIgniter\View\View->include('cml/view_cml_menu_principal')
 6 SYSTEMPATH/View/View.php(213): include('/home/realwebce2/public_html/dashboardepscompensar.realwebcenter.com/app/Views/layout/main.php')
 7 SYSTEMPATH/View/View.php(216): CodeIgniter\View\View->CodeIgniter\View\{closure}()
 8 SYSTEMPATH/Common.php(1184): CodeIgniter\View\View->render('layout/main', [], true)
 9 APPPATH/Controllers/cml/Controll_cml.php(38): view('layout/main', [...])
10 SYSTEMPATH/CodeIgniter.php(934): App\Controllers\cml\Controll_cml->index('assets', 'demo', 'chart-bar-demo.js')
11 SYSTEMPATH/CodeIgniter.php(499): CodeIgniter\CodeIgniter->runController(Object(App\Controllers\cml\Controll_cml))
12 SYSTEMPATH/CodeIgniter.php(368): CodeIgniter\CodeIgniter->handleRequest(null, Object(Config\Cache), false)
13 FCPATH/index.php(67): CodeIgniter\CodeIgniter->run()
CRITICAL - 2023-05-05 00:47:10 --> Undefined array key "assets"
in APPPATH/Views/cml/view_cml_menu_principal.php on line 14.
 1 APPPATH/Views/cml/view_cml_menu_principal.php(14): CodeIgniter\Debug\Exceptions->errorHandler(2, 'Undefined array key "assets"', '/home/realwebce2/public_html/dashboardepscompensar.realwebcenter.com/app/Views/cml/view_cml_menu_principal.php', 14)
 2 SYSTEMPATH/View/View.php(213): include('/home/realwebce2/public_html/dashboardepscompensar.realwebcenter.com/app/Views/cml/view_cml_menu_principal.php')
 3 SYSTEMPATH/View/View.php(216): CodeIgniter\View\View->CodeIgniter\View\{closure}()
 4 SYSTEMPATH/View/View.php(431): CodeIgniter\View\View->render('cml/view_cml_menu_principal', null, true)
 5 APPPATH/Views/layout/main.php(26): CodeIgniter\View\View->include('cml/view_cml_menu_principal')
 6 SYSTEMPATH/View/View.php(213): include('/home/realwebce2/public_html/dashboardepscompensar.realwebcenter.com/app/Views/layout/main.php')
 7 SYSTEMPATH/View/View.php(216): CodeIgniter\View\View->CodeIgniter\View\{closure}()
 8 SYSTEMPATH/Common.php(1184): CodeIgniter\View\View->render('layout/main', [], true)
 9 APPPATH/Controllers/cml/Controll_cml.php(38): view('layout/main', [...])
10 SYSTEMPATH/CodeIgniter.php(934): App\Controllers\cml\Controll_cml->index('assets', 'demo', 'chart-area-demo.js')
11 SYSTEMPATH/CodeIgniter.php(499): CodeIgniter\CodeIgniter->runController(Object(App\Controllers\cml\Controll_cml))
12 SYSTEMPATH/CodeIgniter.php(368): CodeIgniter\CodeIgniter->handleRequest(null, Object(Config\Cache), false)
13 FCPATH/index.php(67): CodeIgniter\CodeIgniter->run()
CRITICAL - 2023-05-05 00:47:10 --> Undefined array key "js"
in APPPATH/Views/cml/view_cml_menu_principal.php on line 14.
 1 APPPATH/Views/cml/view_cml_menu_principal.php(14): CodeIgniter\Debug\Exceptions->errorHandler(2, 'Undefined array key "js"', '/home/realwebce2/public_html/dashboardepscompensar.realwebcenter.com/app/Views/cml/view_cml_menu_principal.php', 14)
 2 SYSTEMPATH/View/View.php(213): include('/home/realwebce2/public_html/dashboardepscompensar.realwebcenter.com/app/Views/cml/view_cml_menu_principal.php')
 3 SYSTEMPATH/View/View.php(216): CodeIgniter\View\View->CodeIgniter\View\{closure}()
 4 SYSTEMPATH/View/View.php(431): CodeIgniter\View\View->render('cml/view_cml_menu_principal', null, true)
 5 APPPATH/Views/layout/main.php(26): CodeIgniter\View\View->include('cml/view_cml_menu_principal')
 6 SYSTEMPATH/View/View.php(213): include('/home/realwebce2/public_html/dashboardepscompensar.realwebcenter.com/app/Views/layout/main.php')
 7 SYSTEMPATH/View/View.php(216): CodeIgniter\View\View->CodeIgniter\View\{closure}()
 8 SYSTEMPATH/Common.php(1184): CodeIgniter\View\View->render('layout/main', [], true)
 9 APPPATH/Controllers/cml/Controll_cml.php(38): view('layout/main', [...])
10 SYSTEMPATH/CodeIgniter.php(934): App\Controllers\cml\Controll_cml->index('js', 'scripts.js')
11 SYSTEMPATH/CodeIgniter.php(499): CodeIgniter\CodeIgniter->runController(Object(App\Controllers\cml\Controll_cml))
12 SYSTEMPATH/CodeIgniter.php(368): CodeIgniter\CodeIgniter->handleRequest(null, Object(Config\Cache), false)
13 FCPATH/index.php(67): CodeIgniter\CodeIgniter->run()
CRITICAL - 2023-05-05 00:47:11 --> Undefined array key "assets"
in APPPATH/Views/cml/view_cml_menu_principal.php on line 14.
 1 APPPATH/Views/cml/view_cml_menu_principal.php(14): CodeIgniter\Debug\Exceptions->errorHandler(2, 'Undefined array key "assets"', '/home/realwebce2/public_html/dashboardepscompensar.realwebcenter.com/app/Views/cml/view_cml_menu_principal.php', 14)
 2 SYSTEMPATH/View/View.php(213): include('/home/realwebce2/public_html/dashboardepscompensar.realwebcenter.com/app/Views/cml/view_cml_menu_principal.php')
 3 SYSTEMPATH/View/View.php(216): CodeIgniter\View\View->CodeIgniter\View\{closure}()
 4 SYSTEMPATH/View/View.php(431): CodeIgniter\View\View->render('cml/view_cml_menu_principal', null, true)
 5 APPPATH/Views/layout/main.php(26): CodeIgniter\View\View->include('cml/view_cml_menu_principal')
 6 SYSTEMPATH/View/View.php(213): include('/home/realwebce2/public_html/dashboardepscompensar.realwebcenter.com/app/Views/layout/main.php')
 7 SYSTEMPATH/View/View.php(216): CodeIgniter\View\View->CodeIgniter\View\{closure}()
 8 SYSTEMPATH/Common.php(1184): CodeIgniter\View\View->render('layout/main', [], true)
 9 APPPATH/Controllers/cml/Controll_cml.php(38): view('layout/main', [...])
10 SYSTEMPATH/CodeIgniter.php(934): App\Controllers\cml\Controll_cml->index('assets', 'demo', 'chart-bar-demo.js')
11 SYSTEMPATH/CodeIgniter.php(499): CodeIgniter\CodeIgniter->runController(Object(App\Controllers\cml\Controll_cml))
12 SYSTEMPATH/CodeIgniter.php(368): CodeIgniter\CodeIgniter->handleRequest(null, Object(Config\Cache), false)
13 FCPATH/index.php(67): CodeIgniter\CodeIgniter->run()
CRITICAL - 2023-05-05 00:47:11 --> Undefined array key "assets"
in APPPATH/Views/cml/view_cml_menu_principal.php on line 14.
 1 APPPATH/Views/cml/view_cml_menu_principal.php(14): CodeIgniter\Debug\Exceptions->errorHandler(2, 'Undefined array key "assets"', '/home/realwebce2/public_html/dashboardepscompensar.realwebcenter.com/app/Views/cml/view_cml_menu_principal.php', 14)
 2 SYSTEMPATH/View/View.php(213): include('/home/realwebce2/public_html/dashboardepscompensar.realwebcenter.com/app/Views/cml/view_cml_menu_principal.php')
 3 SYSTEMPATH/View/View.php(216): CodeIgniter\View\View->CodeIgniter\View\{closure}()
 4 SYSTEMPATH/View/View.php(431): CodeIgniter\View\View->render('cml/view_cml_menu_principal', null, true)
 5 APPPATH/Views/layout/main.php(26): CodeIgniter\View\View->include('cml/view_cml_menu_principal')
 6 SYSTEMPATH/View/View.php(213): include('/home/realwebce2/public_html/dashboardepscompensar.realwebcenter.com/app/Views/layout/main.php')
 7 SYSTEMPATH/View/View.php(216): CodeIgniter\View\View->CodeIgniter\View\{closure}()
 8 SYSTEMPATH/Common.php(1184): CodeIgniter\View\View->render('layout/main', [], true)
 9 APPPATH/Controllers/cml/Controll_cml.php(38): view('layout/main', [...])
10 SYSTEMPATH/CodeIgniter.php(934): App\Controllers\cml\Controll_cml->index('assets', 'demo', 'chart-pie-demo.js')
11 SYSTEMPATH/CodeIgniter.php(499): CodeIgniter\CodeIgniter->runController(Object(App\Controllers\cml\Controll_cml))
12 SYSTEMPATH/CodeIgniter.php(368): CodeIgniter\CodeIgniter->handleRequest(null, Object(Config\Cache), false)
13 FCPATH/index.php(67): CodeIgniter\CodeIgniter->run()
CRITICAL - 2023-05-05 00:48:34 --> Undefined array key "js"
in APPPATH/Views/cml/view_cml_menu_principal.php on line 14.
 1 APPPATH/Views/cml/view_cml_menu_principal.php(14): CodeIgniter\Debug\Exceptions->errorHandler(2, 'Undefined array key "js"', '/home/realwebce2/public_html/dashboardepscompensar.realwebcenter.com/app/Views/cml/view_cml_menu_principal.php', 14)
 2 SYSTEMPATH/View/View.php(213): include('/home/realwebce2/public_html/dashboardepscompensar.realwebcenter.com/app/Views/cml/view_cml_menu_principal.php')
 3 SYSTEMPATH/View/View.php(216): CodeIgniter\View\View->CodeIgniter\View\{closure}()
 4 SYSTEMPATH/View/View.php(431): CodeIgniter\View\View->render('cml/view_cml_menu_principal', null, true)
 5 APPPATH/Views/layout/main.php(26): CodeIgniter\View\View->include('cml/view_cml_menu_principal')
 6 SYSTEMPATH/View/View.php(213): include('/home/realwebce2/public_html/dashboardepscompensar.realwebcenter.com/app/Views/layout/main.php')
 7 SYSTEMPATH/View/View.php(216): CodeIgniter\View\View->CodeIgniter\View\{closure}()
 8 SYSTEMPATH/Common.php(1184): CodeIgniter\View\View->render('layout/main', [], true)
 9 APPPATH/Controllers/cml/Controll_cml.php(38): view('layout/main', [...])
10 SYSTEMPATH/CodeIgniter.php(934): App\Controllers\cml\Controll_cml->index('js', 'scripts.js')
11 SYSTEMPATH/CodeIgniter.php(499): CodeIgniter\CodeIgniter->runController(Object(App\Controllers\cml\Controll_cml))
12 SYSTEMPATH/CodeIgniter.php(368): CodeIgniter\CodeIgniter->handleRequest(null, Object(Config\Cache), false)
13 FCPATH/index.php(67): CodeIgniter\CodeIgniter->run()
CRITICAL - 2023-05-05 00:48:34 --> Undefined array key "assets"
in APPPATH/Views/cml/view_cml_menu_principal.php on line 14.
 1 APPPATH/Views/cml/view_cml_menu_principal.php(14): CodeIgniter\Debug\Exceptions->errorHandler(2, 'Undefined array key "assets"', '/home/realwebce2/public_html/dashboardepscompensar.realwebcenter.com/app/Views/cml/view_cml_menu_principal.php', 14)
 2 SYSTEMPATH/View/View.php(213): include('/home/realwebce2/public_html/dashboardepscompensar.realwebcenter.com/app/Views/cml/view_cml_menu_principal.php')
 3 SYSTEMPATH/View/View.php(216): CodeIgniter\View\View->CodeIgniter\View\{closure}()
 4 SYSTEMPATH/View/View.php(431): CodeIgniter\View\View->render('cml/view_cml_menu_principal', null, true)
 5 APPPATH/Views/layout/main.php(26): CodeIgniter\View\View->include('cml/view_cml_menu_principal')
 6 SYSTEMPATH/View/View.php(213): include('/home/realwebce2/public_html/dashboardepscompensar.realwebcenter.com/app/Views/layout/main.php')
 7 SYSTEMPATH/View/View.php(216): CodeIgniter\View\View->CodeIgniter\View\{closure}()
 8 SYSTEMPATH/Common.php(1184): CodeIgniter\View\View->render('layout/main', [], true)
 9 APPPATH/Controllers/cml/Controll_cml.php(38): view('layout/main', [...])
10 SYSTEMPATH/CodeIgniter.php(934): App\Controllers\cml\Controll_cml->index('assets', 'demo', 'chart-area-demo.js')
11 SYSTEMPATH/CodeIgniter.php(499): CodeIgniter\CodeIgniter->runController(Object(App\Controllers\cml\Controll_cml))
12 SYSTEMPATH/CodeIgniter.php(368): CodeIgniter\CodeIgniter->handleRequest(null, Object(Config\Cache), false)
13 FCPATH/index.php(67): CodeIgniter\CodeIgniter->run()
CRITICAL - 2023-05-05 00:48:34 --> Undefined array key "assets"
in APPPATH/Views/cml/view_cml_menu_principal.php on line 14.
 1 APPPATH/Views/cml/view_cml_menu_principal.php(14): CodeIgniter\Debug\Exceptions->errorHandler(2, 'Undefined array key "assets"', '/home/realwebce2/public_html/dashboardepscompensar.realwebcenter.com/app/Views/cml/view_cml_menu_principal.php', 14)
 2 SYSTEMPATH/View/View.php(213): include('/home/realwebce2/public_html/dashboardepscompensar.realwebcenter.com/app/Views/cml/view_cml_menu_principal.php')
 3 SYSTEMPATH/View/View.php(216): CodeIgniter\View\View->CodeIgniter\View\{closure}()
 4 SYSTEMPATH/View/View.php(431): CodeIgniter\View\View->render('cml/view_cml_menu_principal', null, true)
 5 APPPATH/Views/layout/main.php(26): CodeIgniter\View\View->include('cml/view_cml_menu_principal')
 6 SYSTEMPATH/View/View.php(213): include('/home/realwebce2/public_html/dashboardepscompensar.realwebcenter.com/app/Views/layout/main.php')
 7 SYSTEMPATH/View/View.php(216): CodeIgniter\View\View->CodeIgniter\View\{closure}()
 8 SYSTEMPATH/Common.php(1184): CodeIgniter\View\View->render('layout/main', [], true)
 9 APPPATH/Controllers/cml/Controll_cml.php(38): view('layout/main', [...])
10 SYSTEMPATH/CodeIgniter.php(934): App\Controllers\cml\Controll_cml->index('assets', 'demo', 'chart-bar-demo.js')
11 SYSTEMPATH/CodeIgniter.php(499): CodeIgniter\CodeIgniter->runController(Object(App\Controllers\cml\Controll_cml))
12 SYSTEMPATH/CodeIgniter.php(368): CodeIgniter\CodeIgniter->handleRequest(null, Object(Config\Cache), false)
13 FCPATH/index.php(67): CodeIgniter\CodeIgniter->run()
CRITICAL - 2023-05-05 00:48:34 --> Undefined array key "assets"
in APPPATH/Views/cml/view_cml_menu_principal.php on line 14.
 1 APPPATH/Views/cml/view_cml_menu_principal.php(14): CodeIgniter\Debug\Exceptions->errorHandler(2, 'Undefined array key "assets"', '/home/realwebce2/public_html/dashboardepscompensar.realwebcenter.com/app/Views/cml/view_cml_menu_principal.php', 14)
 2 SYSTEMPATH/View/View.php(213): include('/home/realwebce2/public_html/dashboardepscompensar.realwebcenter.com/app/Views/cml/view_cml_menu_principal.php')
 3 SYSTEMPATH/View/View.php(216): CodeIgniter\View\View->CodeIgniter\View\{closure}()
 4 SYSTEMPATH/View/View.php(431): CodeIgniter\View\View->render('cml/view_cml_menu_principal', null, true)
 5 APPPATH/Views/layout/main.php(26): CodeIgniter\View\View->include('cml/view_cml_menu_principal')
 6 SYSTEMPATH/View/View.php(213): include('/home/realwebce2/public_html/dashboardepscompensar.realwebcenter.com/app/Views/layout/main.php')
 7 SYSTEMPATH/View/View.php(216): CodeIgniter\View\View->CodeIgniter\View\{closure}()
 8 SYSTEMPATH/Common.php(1184): CodeIgniter\View\View->render('layout/main', [], true)
 9 APPPATH/Controllers/cml/Controll_cml.php(38): view('layout/main', [...])
10 SYSTEMPATH/CodeIgniter.php(934): App\Controllers\cml\Controll_cml->index('assets', 'demo', 'chart-pie-demo.js')
11 SYSTEMPATH/CodeIgniter.php(499): CodeIgniter\CodeIgniter->runController(Object(App\Controllers\cml\Controll_cml))
12 SYSTEMPATH/CodeIgniter.php(368): CodeIgniter\CodeIgniter->handleRequest(null, Object(Config\Cache), false)
13 FCPATH/index.php(67): CodeIgniter\CodeIgniter->run()
CRITICAL - 2023-05-05 00:49:19 --> Undefined array key "assets"
in APPPATH/Views/cml/view_cml_menu_principal.php on line 14.
 1 APPPATH/Views/cml/view_cml_menu_principal.php(14): CodeIgniter\Debug\Exceptions->errorHandler(2, 'Undefined array key "assets"', '/home/realwebce2/public_html/dashboardepscompensar.realwebcenter.com/app/Views/cml/view_cml_menu_principal.php', 14)
 2 SYSTEMPATH/View/View.php(213): include('/home/realwebce2/public_html/dashboardepscompensar.realwebcenter.com/app/Views/cml/view_cml_menu_principal.php')
 3 SYSTEMPATH/View/View.php(216): CodeIgniter\View\View->CodeIgniter\View\{closure}()
 4 SYSTEMPATH/View/View.php(431): CodeIgniter\View\View->render('cml/view_cml_menu_principal', null, true)
 5 APPPATH/Views/layout/main.php(26): CodeIgniter\View\View->include('cml/view_cml_menu_principal')
 6 SYSTEMPATH/View/View.php(213): include('/home/realwebce2/public_html/dashboardepscompensar.realwebcenter.com/app/Views/layout/main.php')
 7 SYSTEMPATH/View/View.php(216): CodeIgniter\View\View->CodeIgniter\View\{closure}()
 8 SYSTEMPATH/Common.php(1184): CodeIgniter\View\View->render('layout/main', [], true)
 9 APPPATH/Controllers/cml/Controll_cml.php(38): view('layout/main', [...])
10 SYSTEMPATH/CodeIgniter.php(934): App\Controllers\cml\Controll_cml->index('assets', 'demo', 'chart-area-demo.js')
11 SYSTEMPATH/CodeIgniter.php(499): CodeIgniter\CodeIgniter->runController(Object(App\Controllers\cml\Controll_cml))
12 SYSTEMPATH/CodeIgniter.php(368): CodeIgniter\CodeIgniter->handleRequest(null, Object(Config\Cache), false)
13 FCPATH/index.php(67): CodeIgniter\CodeIgniter->run()
CRITICAL - 2023-05-05 00:49:19 --> Undefined array key "js"
in APPPATH/Views/cml/view_cml_menu_principal.php on line 14.
 1 APPPATH/Views/cml/view_cml_menu_principal.php(14): CodeIgniter\Debug\Exceptions->errorHandler(2, 'Undefined array key "js"', '/home/realwebce2/public_html/dashboardepscompensar.realwebcenter.com/app/Views/cml/view_cml_menu_principal.php', 14)
 2 SYSTEMPATH/View/View.php(213): include('/home/realwebce2/public_html/dashboardepscompensar.realwebcenter.com/app/Views/cml/view_cml_menu_principal.php')
 3 SYSTEMPATH/View/View.php(216): CodeIgniter\View\View->CodeIgniter\View\{closure}()
 4 SYSTEMPATH/View/View.php(431): CodeIgniter\View\View->render('cml/view_cml_menu_principal', null, true)
 5 APPPATH/Views/layout/main.php(26): CodeIgniter\View\View->include('cml/view_cml_menu_principal')
 6 SYSTEMPATH/View/View.php(213): include('/home/realwebce2/public_html/dashboardepscompensar.realwebcenter.com/app/Views/layout/main.php')
 7 SYSTEMPATH/View/View.php(216): CodeIgniter\View\View->CodeIgniter\View\{closure}()
 8 SYSTEMPATH/Common.php(1184): CodeIgniter\View\View->render('layout/main', [], true)
 9 APPPATH/Controllers/cml/Controll_cml.php(38): view('layout/main', [...])
10 SYSTEMPATH/CodeIgniter.php(934): App\Controllers\cml\Controll_cml->index('js', 'scripts.js')
11 SYSTEMPATH/CodeIgniter.php(499): CodeIgniter\CodeIgniter->runController(Object(App\Controllers\cml\Controll_cml))
12 SYSTEMPATH/CodeIgniter.php(368): CodeIgniter\CodeIgniter->handleRequest(null, Object(Config\Cache), false)
13 FCPATH/index.php(67): CodeIgniter\CodeIgniter->run()
CRITICAL - 2023-05-05 00:49:19 --> Undefined array key "assets"
in APPPATH/Views/cml/view_cml_menu_principal.php on line 14.
 1 APPPATH/Views/cml/view_cml_menu_principal.php(14): CodeIgniter\Debug\Exceptions->errorHandler(2, 'Undefined array key "assets"', '/home/realwebce2/public_html/dashboardepscompensar.realwebcenter.com/app/Views/cml/view_cml_menu_principal.php', 14)
 2 SYSTEMPATH/View/View.php(213): include('/home/realwebce2/public_html/dashboardepscompensar.realwebcenter.com/app/Views/cml/view_cml_menu_principal.php')
 3 SYSTEMPATH/View/View.php(216): CodeIgniter\View\View->CodeIgniter\View\{closure}()
 4 SYSTEMPATH/View/View.php(431): CodeIgniter\View\View->render('cml/view_cml_menu_principal', null, true)
 5 APPPATH/Views/layout/main.php(26): CodeIgniter\View\View->include('cml/view_cml_menu_principal')
 6 SYSTEMPATH/View/View.php(213): include('/home/realwebce2/public_html/dashboardepscompensar.realwebcenter.com/app/Views/layout/main.php')
 7 SYSTEMPATH/View/View.php(216): CodeIgniter\View\View->CodeIgniter\View\{closure}()
 8 SYSTEMPATH/Common.php(1184): CodeIgniter\View\View->render('layout/main', [], true)
 9 APPPATH/Controllers/cml/Controll_cml.php(38): view('layout/main', [...])
10 SYSTEMPATH/CodeIgniter.php(934): App\Controllers\cml\Controll_cml->index('assets', 'demo', 'chart-bar-demo.js')
11 SYSTEMPATH/CodeIgniter.php(499): CodeIgniter\CodeIgniter->runController(Object(App\Controllers\cml\Controll_cml))
12 SYSTEMPATH/CodeIgniter.php(368): CodeIgniter\CodeIgniter->handleRequest(null, Object(Config\Cache), false)
13 FCPATH/index.php(67): CodeIgniter\CodeIgniter->run()
CRITICAL - 2023-05-05 00:49:19 --> Undefined array key "assets"
in APPPATH/Views/cml/view_cml_menu_principal.php on line 14.
 1 APPPATH/Views/cml/view_cml_menu_principal.php(14): CodeIgniter\Debug\Exceptions->errorHandler(2, 'Undefined array key "assets"', '/home/realwebce2/public_html/dashboardepscompensar.realwebcenter.com/app/Views/cml/view_cml_menu_principal.php', 14)
 2 SYSTEMPATH/View/View.php(213): include('/home/realwebce2/public_html/dashboardepscompensar.realwebcenter.com/app/Views/cml/view_cml_menu_principal.php')
 3 SYSTEMPATH/View/View.php(216): CodeIgniter\View\View->CodeIgniter\View\{closure}()
 4 SYSTEMPATH/View/View.php(431): CodeIgniter\View\View->render('cml/view_cml_menu_principal', null, true)
 5 APPPATH/Views/layout/main.php(26): CodeIgniter\View\View->include('cml/view_cml_menu_principal')
 6 SYSTEMPATH/View/View.php(213): include('/home/realwebce2/public_html/dashboardepscompensar.realwebcenter.com/app/Views/layout/main.php')
 7 SYSTEMPATH/View/View.php(216): CodeIgniter\View\View->CodeIgniter\View\{closure}()
 8 SYSTEMPATH/Common.php(1184): CodeIgniter\View\View->render('layout/main', [], true)
 9 APPPATH/Controllers/cml/Controll_cml.php(38): view('layout/main', [...])
10 SYSTEMPATH/CodeIgniter.php(934): App\Controllers\cml\Controll_cml->index('assets', 'demo', 'chart-pie-demo.js')
11 SYSTEMPATH/CodeIgniter.php(499): CodeIgniter\CodeIgniter->runController(Object(App\Controllers\cml\Controll_cml))
12 SYSTEMPATH/CodeIgniter.php(368): CodeIgniter\CodeIgniter->handleRequest(null, Object(Config\Cache), false)
13 FCPATH/index.php(67): CodeIgniter\CodeIgniter->run()
