CRITICAL - 2023-05-04 20:56:29 --> Undefined array key "js"
in APPPATH/Views/cml/view_cml_menu_principal.php on line 14.
 1 APPPATH/Views/cml/view_cml_menu_principal.php(14): CodeIgniter\Debug\Exceptions->errorHandler(2, 'Undefined array key "js"', '/home/realwebce2/public_html/dashboardepscompensar.realwebcenter.com/app/Views/cml/view_cml_menu_principal.php', 14)
 2 SYSTEMPATH/View/View.php(213): include('/home/realwebce2/public_html/dashboardepscompensar.realwebcenter.com/app/Views/cml/view_cml_menu_principal.php')
 3 SYSTEMPATH/View/View.php(216): CodeIgniter\View\View->CodeIgniter\View\{closure}()
 4 SYSTEMPATH/View/View.php(431): CodeIgniter\View\View->render('cml/view_cml_menu_principal', null, true)
 5 APPPATH/Views/layout/main.php(26): CodeIgniter\View\View->include('cml/view_cml_menu_principal')
 6 SYSTEMPATH/View/View.php(213): include('/home/realwebce2/public_html/dashboardepscompensar.realwebcenter.com/app/Views/layout/main.php')
 7 SYSTEMPATH/View/View.php(216): CodeIgniter\View\View->CodeIgniter\View\{closure}()
 8 SYSTEMPATH/Common.php(1184): CodeIgniter\View\View->render('layout/main', [], true)
 9 APPPATH/Controllers/cml/Controll_cml.php(38): view('layout/main', [...])
10 SYSTEMPATH/CodeIgniter.php(934): App\Controllers\cml\Controll_cml->index('js', 'scripts.js')
11 SYSTEMPATH/CodeIgniter.php(499): CodeIgniter\CodeIgniter->runController(Object(App\Controllers\cml\Controll_cml))
12 SYSTEMPATH/CodeIgniter.php(368): CodeIgniter\CodeIgniter->handleRequest(null, Object(Config\Cache), false)
13 FCPATH/index.php(67): CodeIgniter\CodeIgniter->run()
CRITICAL - 2023-05-04 20:56:29 --> Undefined array key "assets"
in APPPATH/Views/cml/view_cml_menu_principal.php on line 14.
 1 APPPATH/Views/cml/view_cml_menu_principal.php(14): CodeIgniter\Debug\Exceptions->errorHandler(2, 'Undefined array key "assets"', '/home/realwebce2/public_html/dashboardepscompensar.realwebcenter.com/app/Views/cml/view_cml_menu_principal.php', 14)
 2 SYSTEMPATH/View/View.php(213): include('/home/realwebce2/public_html/dashboardepscompensar.realwebcenter.com/app/Views/cml/view_cml_menu_principal.php')
 3 SYSTEMPATH/View/View.php(216): CodeIgniter\View\View->CodeIgniter\View\{closure}()
 4 SYSTEMPATH/View/View.php(431): CodeIgniter\View\View->render('cml/view_cml_menu_principal', null, true)
 5 APPPATH/Views/layout/main.php(26): CodeIgniter\View\View->include('cml/view_cml_menu_principal')
 6 SYSTEMPATH/View/View.php(213): include('/home/realwebce2/public_html/dashboardepscompensar.realwebcenter.com/app/Views/layout/main.php')
 7 SYSTEMPATH/View/View.php(216): CodeIgniter\View\View->CodeIgniter\View\{closure}()
 8 SYSTEMPATH/Common.php(1184): CodeIgniter\View\View->render('layout/main', [], true)
 9 APPPATH/Controllers/cml/Controll_cml.php(38): view('layout/main', [...])
10 SYSTEMPATH/CodeIgniter.php(934): App\Controllers\cml\Controll_cml->index('assets', 'demo', 'chart-area-demo.js')
11 SYSTEMPATH/CodeIgniter.php(499): CodeIgniter\CodeIgniter->runController(Object(App\Controllers\cml\Controll_cml))
12 SYSTEMPATH/CodeIgniter.php(368): CodeIgniter\CodeIgniter->handleRequest(null, Object(Config\Cache), false)
13 FCPATH/index.php(67): CodeIgniter\CodeIgniter->run()
CRITICAL - 2023-05-04 20:56:30 --> Undefined array key "assets"
in APPPATH/Views/cml/view_cml_menu_principal.php on line 14.
 1 APPPATH/Views/cml/view_cml_menu_principal.php(14): CodeIgniter\Debug\Exceptions->errorHandler(2, 'Undefined array key "assets"', '/home/realwebce2/public_html/dashboardepscompensar.realwebcenter.com/app/Views/cml/view_cml_menu_principal.php', 14)
 2 SYSTEMPATH/View/View.php(213): include('/home/realwebce2/public_html/dashboardepscompensar.realwebcenter.com/app/Views/cml/view_cml_menu_principal.php')
 3 SYSTEMPATH/View/View.php(216): CodeIgniter\View\View->CodeIgniter\View\{closure}()
 4 SYSTEMPATH/View/View.php(431): CodeIgniter\View\View->render('cml/view_cml_menu_principal', null, true)
 5 APPPATH/Views/layout/main.php(26): CodeIgniter\View\View->include('cml/view_cml_menu_principal')
 6 SYSTEMPATH/View/View.php(213): include('/home/realwebce2/public_html/dashboardepscompensar.realwebcenter.com/app/Views/layout/main.php')
 7 SYSTEMPATH/View/View.php(216): CodeIgniter\View\View->CodeIgniter\View\{closure}()
 8 SYSTEMPATH/Common.php(1184): CodeIgniter\View\View->render('layout/main', [], true)
 9 APPPATH/Controllers/cml/Controll_cml.php(38): view('layout/main', [...])
10 SYSTEMPATH/CodeIgniter.php(934): App\Controllers\cml\Controll_cml->index('assets', 'demo', 'chart-bar-demo.js')
11 SYSTEMPATH/CodeIgniter.php(499): CodeIgniter\CodeIgniter->runController(Object(App\Controllers\cml\Controll_cml))
12 SYSTEMPATH/CodeIgniter.php(368): CodeIgniter\CodeIgniter->handleRequest(null, Object(Config\Cache), false)
13 FCPATH/index.php(67): CodeIgniter\CodeIgniter->run()
CRITICAL - 2023-05-04 20:56:30 --> Undefined array key "assets"
in APPPATH/Views/cml/view_cml_menu_principal.php on line 14.
 1 APPPATH/Views/cml/view_cml_menu_principal.php(14): CodeIgniter\Debug\Exceptions->errorHandler(2, 'Undefined array key "assets"', '/home/realwebce2/public_html/dashboardepscompensar.realwebcenter.com/app/Views/cml/view_cml_menu_principal.php', 14)
 2 SYSTEMPATH/View/View.php(213): include('/home/realwebce2/public_html/dashboardepscompensar.realwebcenter.com/app/Views/cml/view_cml_menu_principal.php')
 3 SYSTEMPATH/View/View.php(216): CodeIgniter\View\View->CodeIgniter\View\{closure}()
 4 SYSTEMPATH/View/View.php(431): CodeIgniter\View\View->render('cml/view_cml_menu_principal', null, true)
 5 APPPATH/Views/layout/main.php(26): CodeIgniter\View\View->include('cml/view_cml_menu_principal')
 6 SYSTEMPATH/View/View.php(213): include('/home/realwebce2/public_html/dashboardepscompensar.realwebcenter.com/app/Views/layout/main.php')
 7 SYSTEMPATH/View/View.php(216): CodeIgniter\View\View->CodeIgniter\View\{closure}()
 8 SYSTEMPATH/Common.php(1184): CodeIgniter\View\View->render('layout/main', [], true)
 9 APPPATH/Controllers/cml/Controll_cml.php(38): view('layout/main', [...])
10 SYSTEMPATH/CodeIgniter.php(934): App\Controllers\cml\Controll_cml->index('assets', 'demo', 'chart-pie-demo.js')
11 SYSTEMPATH/CodeIgniter.php(499): CodeIgniter\CodeIgniter->runController(Object(App\Controllers\cml\Controll_cml))
12 SYSTEMPATH/CodeIgniter.php(368): CodeIgniter\CodeIgniter->handleRequest(null, Object(Config\Cache), false)
13 FCPATH/index.php(67): CodeIgniter\CodeIgniter->run()
CRITICAL - 2023-05-04 20:56:48 --> Undefined array key "js"
in APPPATH/Views/cml/view_cml_menu_principal.php on line 14.
 1 APPPATH/Views/cml/view_cml_menu_principal.php(14): CodeIgniter\Debug\Exceptions->errorHandler(2, 'Undefined array key "js"', '/home/realwebce2/public_html/dashboardepscompensar.realwebcenter.com/app/Views/cml/view_cml_menu_principal.php', 14)
 2 SYSTEMPATH/View/View.php(213): include('/home/realwebce2/public_html/dashboardepscompensar.realwebcenter.com/app/Views/cml/view_cml_menu_principal.php')
 3 SYSTEMPATH/View/View.php(216): CodeIgniter\View\View->CodeIgniter\View\{closure}()
 4 SYSTEMPATH/View/View.php(431): CodeIgniter\View\View->render('cml/view_cml_menu_principal', null, true)
 5 APPPATH/Views/layout/main.php(26): CodeIgniter\View\View->include('cml/view_cml_menu_principal')
 6 SYSTEMPATH/View/View.php(213): include('/home/realwebce2/public_html/dashboardepscompensar.realwebcenter.com/app/Views/layout/main.php')
 7 SYSTEMPATH/View/View.php(216): CodeIgniter\View\View->CodeIgniter\View\{closure}()
 8 SYSTEMPATH/Common.php(1184): CodeIgniter\View\View->render('layout/main', [], true)
 9 APPPATH/Controllers/cml/Controll_cml.php(38): view('layout/main', [...])
10 SYSTEMPATH/CodeIgniter.php(934): App\Controllers\cml\Controll_cml->index('js', 'scripts.js')
11 SYSTEMPATH/CodeIgniter.php(499): CodeIgniter\CodeIgniter->runController(Object(App\Controllers\cml\Controll_cml))
12 SYSTEMPATH/CodeIgniter.php(368): CodeIgniter\CodeIgniter->handleRequest(null, Object(Config\Cache), false)
13 FCPATH/index.php(67): CodeIgniter\CodeIgniter->run()
CRITICAL - 2023-05-04 20:56:49 --> Undefined array key "assets"
in APPPATH/Views/cml/view_cml_menu_principal.php on line 14.
 1 APPPATH/Views/cml/view_cml_menu_principal.php(14): CodeIgniter\Debug\Exceptions->errorHandler(2, 'Undefined array key "assets"', '/home/realwebce2/public_html/dashboardepscompensar.realwebcenter.com/app/Views/cml/view_cml_menu_principal.php', 14)
 2 SYSTEMPATH/View/View.php(213): include('/home/realwebce2/public_html/dashboardepscompensar.realwebcenter.com/app/Views/cml/view_cml_menu_principal.php')
 3 SYSTEMPATH/View/View.php(216): CodeIgniter\View\View->CodeIgniter\View\{closure}()
 4 SYSTEMPATH/View/View.php(431): CodeIgniter\View\View->render('cml/view_cml_menu_principal', null, true)
 5 APPPATH/Views/layout/main.php(26): CodeIgniter\View\View->include('cml/view_cml_menu_principal')
 6 SYSTEMPATH/View/View.php(213): include('/home/realwebce2/public_html/dashboardepscompensar.realwebcenter.com/app/Views/layout/main.php')
 7 SYSTEMPATH/View/View.php(216): CodeIgniter\View\View->CodeIgniter\View\{closure}()
 8 SYSTEMPATH/Common.php(1184): CodeIgniter\View\View->render('layout/main', [], true)
 9 APPPATH/Controllers/cml/Controll_cml.php(38): view('layout/main', [...])
10 SYSTEMPATH/CodeIgniter.php(934): App\Controllers\cml\Controll_cml->index('assets', 'demo', 'chart-area-demo.js')
11 SYSTEMPATH/CodeIgniter.php(499): CodeIgniter\CodeIgniter->runController(Object(App\Controllers\cml\Controll_cml))
12 SYSTEMPATH/CodeIgniter.php(368): CodeIgniter\CodeIgniter->handleRequest(null, Object(Config\Cache), false)
13 FCPATH/index.php(67): CodeIgniter\CodeIgniter->run()
CRITICAL - 2023-05-04 20:56:49 --> Undefined array key "assets"
in APPPATH/Views/cml/view_cml_menu_principal.php on line 14.
 1 APPPATH/Views/cml/view_cml_menu_principal.php(14): CodeIgniter\Debug\Exceptions->errorHandler(2, 'Undefined array key "assets"', '/home/realwebce2/public_html/dashboardepscompensar.realwebcenter.com/app/Views/cml/view_cml_menu_principal.php', 14)
 2 SYSTEMPATH/View/View.php(213): include('/home/realwebce2/public_html/dashboardepscompensar.realwebcenter.com/app/Views/cml/view_cml_menu_principal.php')
 3 SYSTEMPATH/View/View.php(216): CodeIgniter\View\View->CodeIgniter\View\{closure}()
 4 SYSTEMPATH/View/View.php(431): CodeIgniter\View\View->render('cml/view_cml_menu_principal', null, true)
 5 APPPATH/Views/layout/main.php(26): CodeIgniter\View\View->include('cml/view_cml_menu_principal')
 6 SYSTEMPATH/View/View.php(213): include('/home/realwebce2/public_html/dashboardepscompensar.realwebcenter.com/app/Views/layout/main.php')
 7 SYSTEMPATH/View/View.php(216): CodeIgniter\View\View->CodeIgniter\View\{closure}()
 8 SYSTEMPATH/Common.php(1184): CodeIgniter\View\View->render('layout/main', [], true)
 9 APPPATH/Controllers/cml/Controll_cml.php(38): view('layout/main', [...])
10 SYSTEMPATH/CodeIgniter.php(934): App\Controllers\cml\Controll_cml->index('assets', 'demo', 'chart-bar-demo.js')
11 SYSTEMPATH/CodeIgniter.php(499): CodeIgniter\CodeIgniter->runController(Object(App\Controllers\cml\Controll_cml))
12 SYSTEMPATH/CodeIgniter.php(368): CodeIgniter\CodeIgniter->handleRequest(null, Object(Config\Cache), false)
13 FCPATH/index.php(67): CodeIgniter\CodeIgniter->run()
CRITICAL - 2023-05-04 20:56:49 --> Undefined array key "assets"
in APPPATH/Views/cml/view_cml_menu_principal.php on line 14.
 1 APPPATH/Views/cml/view_cml_menu_principal.php(14): CodeIgniter\Debug\Exceptions->errorHandler(2, 'Undefined array key "assets"', '/home/realwebce2/public_html/dashboardepscompensar.realwebcenter.com/app/Views/cml/view_cml_menu_principal.php', 14)
 2 SYSTEMPATH/View/View.php(213): include('/home/realwebce2/public_html/dashboardepscompensar.realwebcenter.com/app/Views/cml/view_cml_menu_principal.php')
 3 SYSTEMPATH/View/View.php(216): CodeIgniter\View\View->CodeIgniter\View\{closure}()
 4 SYSTEMPATH/View/View.php(431): CodeIgniter\View\View->render('cml/view_cml_menu_principal', null, true)
 5 APPPATH/Views/layout/main.php(26): CodeIgniter\View\View->include('cml/view_cml_menu_principal')
 6 SYSTEMPATH/View/View.php(213): include('/home/realwebce2/public_html/dashboardepscompensar.realwebcenter.com/app/Views/layout/main.php')
 7 SYSTEMPATH/View/View.php(216): CodeIgniter\View\View->CodeIgniter\View\{closure}()
 8 SYSTEMPATH/Common.php(1184): CodeIgniter\View\View->render('layout/main', [], true)
 9 APPPATH/Controllers/cml/Controll_cml.php(38): view('layout/main', [...])
10 SYSTEMPATH/CodeIgniter.php(934): App\Controllers\cml\Controll_cml->index('assets', 'demo', 'chart-pie-demo.js')
11 SYSTEMPATH/CodeIgniter.php(499): CodeIgniter\CodeIgniter->runController(Object(App\Controllers\cml\Controll_cml))
12 SYSTEMPATH/CodeIgniter.php(368): CodeIgniter\CodeIgniter->handleRequest(null, Object(Config\Cache), false)
13 FCPATH/index.php(67): CodeIgniter\CodeIgniter->run()
CRITICAL - 2023-05-04 20:57:07 --> Undefined array key "js"
in APPPATH/Views/cml/view_cml_menu_principal.php on line 14.
 1 APPPATH/Views/cml/view_cml_menu_principal.php(14): CodeIgniter\Debug\Exceptions->errorHandler(2, 'Undefined array key "js"', '/home/realwebce2/public_html/dashboardepscompensar.realwebcenter.com/app/Views/cml/view_cml_menu_principal.php', 14)
 2 SYSTEMPATH/View/View.php(213): include('/home/realwebce2/public_html/dashboardepscompensar.realwebcenter.com/app/Views/cml/view_cml_menu_principal.php')
 3 SYSTEMPATH/View/View.php(216): CodeIgniter\View\View->CodeIgniter\View\{closure}()
 4 SYSTEMPATH/View/View.php(431): CodeIgniter\View\View->render('cml/view_cml_menu_principal', null, true)
 5 APPPATH/Views/layout/main.php(26): CodeIgniter\View\View->include('cml/view_cml_menu_principal')
 6 SYSTEMPATH/View/View.php(213): include('/home/realwebce2/public_html/dashboardepscompensar.realwebcenter.com/app/Views/layout/main.php')
 7 SYSTEMPATH/View/View.php(216): CodeIgniter\View\View->CodeIgniter\View\{closure}()
 8 SYSTEMPATH/Common.php(1184): CodeIgniter\View\View->render('layout/main', [], true)
 9 APPPATH/Controllers/cml/Controll_cml.php(38): view('layout/main', [...])
10 SYSTEMPATH/CodeIgniter.php(934): App\Controllers\cml\Controll_cml->index('js', 'scripts.js')
11 SYSTEMPATH/CodeIgniter.php(499): CodeIgniter\CodeIgniter->runController(Object(App\Controllers\cml\Controll_cml))
12 SYSTEMPATH/CodeIgniter.php(368): CodeIgniter\CodeIgniter->handleRequest(null, Object(Config\Cache), false)
13 FCPATH/index.php(67): CodeIgniter\CodeIgniter->run()
CRITICAL - 2023-05-04 20:57:07 --> Undefined array key "assets"
in APPPATH/Views/cml/view_cml_menu_principal.php on line 14.
 1 APPPATH/Views/cml/view_cml_menu_principal.php(14): CodeIgniter\Debug\Exceptions->errorHandler(2, 'Undefined array key "assets"', '/home/realwebce2/public_html/dashboardepscompensar.realwebcenter.com/app/Views/cml/view_cml_menu_principal.php', 14)
 2 SYSTEMPATH/View/View.php(213): include('/home/realwebce2/public_html/dashboardepscompensar.realwebcenter.com/app/Views/cml/view_cml_menu_principal.php')
 3 SYSTEMPATH/View/View.php(216): CodeIgniter\View\View->CodeIgniter\View\{closure}()
 4 SYSTEMPATH/View/View.php(431): CodeIgniter\View\View->render('cml/view_cml_menu_principal', null, true)
 5 APPPATH/Views/layout/main.php(26): CodeIgniter\View\View->include('cml/view_cml_menu_principal')
 6 SYSTEMPATH/View/View.php(213): include('/home/realwebce2/public_html/dashboardepscompensar.realwebcenter.com/app/Views/layout/main.php')
 7 SYSTEMPATH/View/View.php(216): CodeIgniter\View\View->CodeIgniter\View\{closure}()
 8 SYSTEMPATH/Common.php(1184): CodeIgniter\View\View->render('layout/main', [], true)
 9 APPPATH/Controllers/cml/Controll_cml.php(38): view('layout/main', [...])
10 SYSTEMPATH/CodeIgniter.php(934): App\Controllers\cml\Controll_cml->index('assets', 'demo', 'chart-area-demo.js')
11 SYSTEMPATH/CodeIgniter.php(499): CodeIgniter\CodeIgniter->runController(Object(App\Controllers\cml\Controll_cml))
12 SYSTEMPATH/CodeIgniter.php(368): CodeIgniter\CodeIgniter->handleRequest(null, Object(Config\Cache), false)
13 FCPATH/index.php(67): CodeIgniter\CodeIgniter->run()
CRITICAL - 2023-05-04 20:57:07 --> Undefined array key "assets"
in APPPATH/Views/cml/view_cml_menu_principal.php on line 14.
 1 APPPATH/Views/cml/view_cml_menu_principal.php(14): CodeIgniter\Debug\Exceptions->errorHandler(2, 'Undefined array key "assets"', '/home/realwebce2/public_html/dashboardepscompensar.realwebcenter.com/app/Views/cml/view_cml_menu_principal.php', 14)
 2 SYSTEMPATH/View/View.php(213): include('/home/realwebce2/public_html/dashboardepscompensar.realwebcenter.com/app/Views/cml/view_cml_menu_principal.php')
 3 SYSTEMPATH/View/View.php(216): CodeIgniter\View\View->CodeIgniter\View\{closure}()
 4 SYSTEMPATH/View/View.php(431): CodeIgniter\View\View->render('cml/view_cml_menu_principal', null, true)
 5 APPPATH/Views/layout/main.php(26): CodeIgniter\View\View->include('cml/view_cml_menu_principal')
 6 SYSTEMPATH/View/View.php(213): include('/home/realwebce2/public_html/dashboardepscompensar.realwebcenter.com/app/Views/layout/main.php')
 7 SYSTEMPATH/View/View.php(216): CodeIgniter\View\View->CodeIgniter\View\{closure}()
 8 SYSTEMPATH/Common.php(1184): CodeIgniter\View\View->render('layout/main', [], true)
 9 APPPATH/Controllers/cml/Controll_cml.php(38): view('layout/main', [...])
10 SYSTEMPATH/CodeIgniter.php(934): App\Controllers\cml\Controll_cml->index('assets', 'demo', 'chart-pie-demo.js')
11 SYSTEMPATH/CodeIgniter.php(499): CodeIgniter\CodeIgniter->runController(Object(App\Controllers\cml\Controll_cml))
12 SYSTEMPATH/CodeIgniter.php(368): CodeIgniter\CodeIgniter->handleRequest(null, Object(Config\Cache), false)
13 FCPATH/index.php(67): CodeIgniter\CodeIgniter->run()
CRITICAL - 2023-05-04 20:57:07 --> Undefined array key "assets"
in APPPATH/Views/cml/view_cml_menu_principal.php on line 14.
 1 APPPATH/Views/cml/view_cml_menu_principal.php(14): CodeIgniter\Debug\Exceptions->errorHandler(2, 'Undefined array key "assets"', '/home/realwebce2/public_html/dashboardepscompensar.realwebcenter.com/app/Views/cml/view_cml_menu_principal.php', 14)
 2 SYSTEMPATH/View/View.php(213): include('/home/realwebce2/public_html/dashboardepscompensar.realwebcenter.com/app/Views/cml/view_cml_menu_principal.php')
 3 SYSTEMPATH/View/View.php(216): CodeIgniter\View\View->CodeIgniter\View\{closure}()
 4 SYSTEMPATH/View/View.php(431): CodeIgniter\View\View->render('cml/view_cml_menu_principal', null, true)
 5 APPPATH/Views/layout/main.php(26): CodeIgniter\View\View->include('cml/view_cml_menu_principal')
 6 SYSTEMPATH/View/View.php(213): include('/home/realwebce2/public_html/dashboardepscompensar.realwebcenter.com/app/Views/layout/main.php')
 7 SYSTEMPATH/View/View.php(216): CodeIgniter\View\View->CodeIgniter\View\{closure}()
 8 SYSTEMPATH/Common.php(1184): CodeIgniter\View\View->render('layout/main', [], true)
 9 APPPATH/Controllers/cml/Controll_cml.php(38): view('layout/main', [...])
10 SYSTEMPATH/CodeIgniter.php(934): App\Controllers\cml\Controll_cml->index('assets', 'demo', 'chart-bar-demo.js')
11 SYSTEMPATH/CodeIgniter.php(499): CodeIgniter\CodeIgniter->runController(Object(App\Controllers\cml\Controll_cml))
12 SYSTEMPATH/CodeIgniter.php(368): CodeIgniter\CodeIgniter->handleRequest(null, Object(Config\Cache), false)
13 FCPATH/index.php(67): CodeIgniter\CodeIgniter->run()
CRITICAL - 2023-05-04 20:57:19 --> Undefined array key "assets"
in APPPATH/Views/cml/view_cml_menu_principal.php on line 14.
 1 APPPATH/Views/cml/view_cml_menu_principal.php(14): CodeIgniter\Debug\Exceptions->errorHandler(2, 'Undefined array key "assets"', '/home/realwebce2/public_html/dashboardepscompensar.realwebcenter.com/app/Views/cml/view_cml_menu_principal.php', 14)
 2 SYSTEMPATH/View/View.php(213): include('/home/realwebce2/public_html/dashboardepscompensar.realwebcenter.com/app/Views/cml/view_cml_menu_principal.php')
 3 SYSTEMPATH/View/View.php(216): CodeIgniter\View\View->CodeIgniter\View\{closure}()
 4 SYSTEMPATH/View/View.php(431): CodeIgniter\View\View->render('cml/view_cml_menu_principal', null, true)
 5 APPPATH/Views/layout/main.php(26): CodeIgniter\View\View->include('cml/view_cml_menu_principal')
 6 SYSTEMPATH/View/View.php(213): include('/home/realwebce2/public_html/dashboardepscompensar.realwebcenter.com/app/Views/layout/main.php')
 7 SYSTEMPATH/View/View.php(216): CodeIgniter\View\View->CodeIgniter\View\{closure}()
 8 SYSTEMPATH/Common.php(1184): CodeIgniter\View\View->render('layout/main', [], true)
 9 APPPATH/Controllers/cml/Controll_cml.php(38): view('layout/main', [...])
10 SYSTEMPATH/CodeIgniter.php(934): App\Controllers\cml\Controll_cml->index('assets', 'demo', 'chart-area-demo.js')
11 SYSTEMPATH/CodeIgniter.php(499): CodeIgniter\CodeIgniter->runController(Object(App\Controllers\cml\Controll_cml))
12 SYSTEMPATH/CodeIgniter.php(368): CodeIgniter\CodeIgniter->handleRequest(null, Object(Config\Cache), false)
13 FCPATH/index.php(67): CodeIgniter\CodeIgniter->run()
CRITICAL - 2023-05-04 20:57:19 --> Undefined array key "js"
in APPPATH/Views/cml/view_cml_menu_principal.php on line 14.
 1 APPPATH/Views/cml/view_cml_menu_principal.php(14): CodeIgniter\Debug\Exceptions->errorHandler(2, 'Undefined array key "js"', '/home/realwebce2/public_html/dashboardepscompensar.realwebcenter.com/app/Views/cml/view_cml_menu_principal.php', 14)
 2 SYSTEMPATH/View/View.php(213): include('/home/realwebce2/public_html/dashboardepscompensar.realwebcenter.com/app/Views/cml/view_cml_menu_principal.php')
 3 SYSTEMPATH/View/View.php(216): CodeIgniter\View\View->CodeIgniter\View\{closure}()
 4 SYSTEMPATH/View/View.php(431): CodeIgniter\View\View->render('cml/view_cml_menu_principal', null, true)
 5 APPPATH/Views/layout/main.php(26): CodeIgniter\View\View->include('cml/view_cml_menu_principal')
 6 SYSTEMPATH/View/View.php(213): include('/home/realwebce2/public_html/dashboardepscompensar.realwebcenter.com/app/Views/layout/main.php')
 7 SYSTEMPATH/View/View.php(216): CodeIgniter\View\View->CodeIgniter\View\{closure}()
 8 SYSTEMPATH/Common.php(1184): CodeIgniter\View\View->render('layout/main', [], true)
 9 APPPATH/Controllers/cml/Controll_cml.php(38): view('layout/main', [...])
10 SYSTEMPATH/CodeIgniter.php(934): App\Controllers\cml\Controll_cml->index('js', 'scripts.js')
11 SYSTEMPATH/CodeIgniter.php(499): CodeIgniter\CodeIgniter->runController(Object(App\Controllers\cml\Controll_cml))
12 SYSTEMPATH/CodeIgniter.php(368): CodeIgniter\CodeIgniter->handleRequest(null, Object(Config\Cache), false)
13 FCPATH/index.php(67): CodeIgniter\CodeIgniter->run()
CRITICAL - 2023-05-04 20:57:19 --> Undefined array key "assets"
in APPPATH/Views/cml/view_cml_menu_principal.php on line 14.
 1 APPPATH/Views/cml/view_cml_menu_principal.php(14): CodeIgniter\Debug\Exceptions->errorHandler(2, 'Undefined array key "assets"', '/home/realwebce2/public_html/dashboardepscompensar.realwebcenter.com/app/Views/cml/view_cml_menu_principal.php', 14)
 2 SYSTEMPATH/View/View.php(213): include('/home/realwebce2/public_html/dashboardepscompensar.realwebcenter.com/app/Views/cml/view_cml_menu_principal.php')
 3 SYSTEMPATH/View/View.php(216): CodeIgniter\View\View->CodeIgniter\View\{closure}()
 4 SYSTEMPATH/View/View.php(431): CodeIgniter\View\View->render('cml/view_cml_menu_principal', null, true)
 5 APPPATH/Views/layout/main.php(26): CodeIgniter\View\View->include('cml/view_cml_menu_principal')
 6 SYSTEMPATH/View/View.php(213): include('/home/realwebce2/public_html/dashboardepscompensar.realwebcenter.com/app/Views/layout/main.php')
 7 SYSTEMPATH/View/View.php(216): CodeIgniter\View\View->CodeIgniter\View\{closure}()
 8 SYSTEMPATH/Common.php(1184): CodeIgniter\View\View->render('layout/main', [], true)
 9 APPPATH/Controllers/cml/Controll_cml.php(38): view('layout/main', [...])
10 SYSTEMPATH/CodeIgniter.php(934): App\Controllers\cml\Controll_cml->index('assets', 'demo', 'chart-bar-demo.js')
11 SYSTEMPATH/CodeIgniter.php(499): CodeIgniter\CodeIgniter->runController(Object(App\Controllers\cml\Controll_cml))
12 SYSTEMPATH/CodeIgniter.php(368): CodeIgniter\CodeIgniter->handleRequest(null, Object(Config\Cache), false)
13 FCPATH/index.php(67): CodeIgniter\CodeIgniter->run()
CRITICAL - 2023-05-04 20:57:19 --> Undefined array key "assets"
in APPPATH/Views/cml/view_cml_menu_principal.php on line 14.
 1 APPPATH/Views/cml/view_cml_menu_principal.php(14): CodeIgniter\Debug\Exceptions->errorHandler(2, 'Undefined array key "assets"', '/home/realwebce2/public_html/dashboardepscompensar.realwebcenter.com/app/Views/cml/view_cml_menu_principal.php', 14)
 2 SYSTEMPATH/View/View.php(213): include('/home/realwebce2/public_html/dashboardepscompensar.realwebcenter.com/app/Views/cml/view_cml_menu_principal.php')
 3 SYSTEMPATH/View/View.php(216): CodeIgniter\View\View->CodeIgniter\View\{closure}()
 4 SYSTEMPATH/View/View.php(431): CodeIgniter\View\View->render('cml/view_cml_menu_principal', null, true)
 5 APPPATH/Views/layout/main.php(26): CodeIgniter\View\View->include('cml/view_cml_menu_principal')
 6 SYSTEMPATH/View/View.php(213): include('/home/realwebce2/public_html/dashboardepscompensar.realwebcenter.com/app/Views/layout/main.php')
 7 SYSTEMPATH/View/View.php(216): CodeIgniter\View\View->CodeIgniter\View\{closure}()
 8 SYSTEMPATH/Common.php(1184): CodeIgniter\View\View->render('layout/main', [], true)
 9 APPPATH/Controllers/cml/Controll_cml.php(38): view('layout/main', [...])
10 SYSTEMPATH/CodeIgniter.php(934): App\Controllers\cml\Controll_cml->index('assets', 'demo', 'chart-pie-demo.js')
11 SYSTEMPATH/CodeIgniter.php(499): CodeIgniter\CodeIgniter->runController(Object(App\Controllers\cml\Controll_cml))
12 SYSTEMPATH/CodeIgniter.php(368): CodeIgniter\CodeIgniter->handleRequest(null, Object(Config\Cache), false)
13 FCPATH/index.php(67): CodeIgniter\CodeIgniter->run()
CRITICAL - 2023-05-04 20:57:24 --> Undefined array key "js"
in APPPATH/Views/cml/view_cml_menu_principal.php on line 14.
 1 APPPATH/Views/cml/view_cml_menu_principal.php(14): CodeIgniter\Debug\Exceptions->errorHandler(2, 'Undefined array key "js"', '/home/realwebce2/public_html/dashboardepscompensar.realwebcenter.com/app/Views/cml/view_cml_menu_principal.php', 14)
 2 SYSTEMPATH/View/View.php(213): include('/home/realwebce2/public_html/dashboardepscompensar.realwebcenter.com/app/Views/cml/view_cml_menu_principal.php')
 3 SYSTEMPATH/View/View.php(216): CodeIgniter\View\View->CodeIgniter\View\{closure}()
 4 SYSTEMPATH/View/View.php(431): CodeIgniter\View\View->render('cml/view_cml_menu_principal', null, true)
 5 APPPATH/Views/layout/main.php(26): CodeIgniter\View\View->include('cml/view_cml_menu_principal')
 6 SYSTEMPATH/View/View.php(213): include('/home/realwebce2/public_html/dashboardepscompensar.realwebcenter.com/app/Views/layout/main.php')
 7 SYSTEMPATH/View/View.php(216): CodeIgniter\View\View->CodeIgniter\View\{closure}()
 8 SYSTEMPATH/Common.php(1184): CodeIgniter\View\View->render('layout/main', [], true)
 9 APPPATH/Controllers/cml/Controll_cml.php(38): view('layout/main', [...])
10 SYSTEMPATH/CodeIgniter.php(934): App\Controllers\cml\Controll_cml->index('js', 'scripts.js')
11 SYSTEMPATH/CodeIgniter.php(499): CodeIgniter\CodeIgniter->runController(Object(App\Controllers\cml\Controll_cml))
12 SYSTEMPATH/CodeIgniter.php(368): CodeIgniter\CodeIgniter->handleRequest(null, Object(Config\Cache), false)
13 FCPATH/index.php(67): CodeIgniter\CodeIgniter->run()
CRITICAL - 2023-05-04 20:57:25 --> Undefined array key "assets"
in APPPATH/Views/cml/view_cml_menu_principal.php on line 14.
 1 APPPATH/Views/cml/view_cml_menu_principal.php(14): CodeIgniter\Debug\Exceptions->errorHandler(2, 'Undefined array key "assets"', '/home/realwebce2/public_html/dashboardepscompensar.realwebcenter.com/app/Views/cml/view_cml_menu_principal.php', 14)
 2 SYSTEMPATH/View/View.php(213): include('/home/realwebce2/public_html/dashboardepscompensar.realwebcenter.com/app/Views/cml/view_cml_menu_principal.php')
 3 SYSTEMPATH/View/View.php(216): CodeIgniter\View\View->CodeIgniter\View\{closure}()
 4 SYSTEMPATH/View/View.php(431): CodeIgniter\View\View->render('cml/view_cml_menu_principal', null, true)
 5 APPPATH/Views/layout/main.php(26): CodeIgniter\View\View->include('cml/view_cml_menu_principal')
 6 SYSTEMPATH/View/View.php(213): include('/home/realwebce2/public_html/dashboardepscompensar.realwebcenter.com/app/Views/layout/main.php')
 7 SYSTEMPATH/View/View.php(216): CodeIgniter\View\View->CodeIgniter\View\{closure}()
 8 SYSTEMPATH/Common.php(1184): CodeIgniter\View\View->render('layout/main', [], true)
 9 APPPATH/Controllers/cml/Controll_cml.php(38): view('layout/main', [...])
10 SYSTEMPATH/CodeIgniter.php(934): App\Controllers\cml\Controll_cml->index('assets', 'demo', 'chart-bar-demo.js')
11 SYSTEMPATH/CodeIgniter.php(499): CodeIgniter\CodeIgniter->runController(Object(App\Controllers\cml\Controll_cml))
12 SYSTEMPATH/CodeIgniter.php(368): CodeIgniter\CodeIgniter->handleRequest(null, Object(Config\Cache), false)
13 FCPATH/index.php(67): CodeIgniter\CodeIgniter->run()
CRITICAL - 2023-05-04 20:57:25 --> Undefined array key "assets"
in APPPATH/Views/cml/view_cml_menu_principal.php on line 14.
 1 APPPATH/Views/cml/view_cml_menu_principal.php(14): CodeIgniter\Debug\Exceptions->errorHandler(2, 'Undefined array key "assets"', '/home/realwebce2/public_html/dashboardepscompensar.realwebcenter.com/app/Views/cml/view_cml_menu_principal.php', 14)
 2 SYSTEMPATH/View/View.php(213): include('/home/realwebce2/public_html/dashboardepscompensar.realwebcenter.com/app/Views/cml/view_cml_menu_principal.php')
 3 SYSTEMPATH/View/View.php(216): CodeIgniter\View\View->CodeIgniter\View\{closure}()
 4 SYSTEMPATH/View/View.php(431): CodeIgniter\View\View->render('cml/view_cml_menu_principal', null, true)
 5 APPPATH/Views/layout/main.php(26): CodeIgniter\View\View->include('cml/view_cml_menu_principal')
 6 SYSTEMPATH/View/View.php(213): include('/home/realwebce2/public_html/dashboardepscompensar.realwebcenter.com/app/Views/layout/main.php')
 7 SYSTEMPATH/View/View.php(216): CodeIgniter\View\View->CodeIgniter\View\{closure}()
 8 SYSTEMPATH/Common.php(1184): CodeIgniter\View\View->render('layout/main', [], true)
 9 APPPATH/Controllers/cml/Controll_cml.php(38): view('layout/main', [...])
10 SYSTEMPATH/CodeIgniter.php(934): App\Controllers\cml\Controll_cml->index('assets', 'demo', 'chart-pie-demo.js')
11 SYSTEMPATH/CodeIgniter.php(499): CodeIgniter\CodeIgniter->runController(Object(App\Controllers\cml\Controll_cml))
12 SYSTEMPATH/CodeIgniter.php(368): CodeIgniter\CodeIgniter->handleRequest(null, Object(Config\Cache), false)
13 FCPATH/index.php(67): CodeIgniter\CodeIgniter->run()
CRITICAL - 2023-05-04 20:57:25 --> Undefined array key "assets"
in APPPATH/Views/cml/view_cml_menu_principal.php on line 14.
 1 APPPATH/Views/cml/view_cml_menu_principal.php(14): CodeIgniter\Debug\Exceptions->errorHandler(2, 'Undefined array key "assets"', '/home/realwebce2/public_html/dashboardepscompensar.realwebcenter.com/app/Views/cml/view_cml_menu_principal.php', 14)
 2 SYSTEMPATH/View/View.php(213): include('/home/realwebce2/public_html/dashboardepscompensar.realwebcenter.com/app/Views/cml/view_cml_menu_principal.php')
 3 SYSTEMPATH/View/View.php(216): CodeIgniter\View\View->CodeIgniter\View\{closure}()
 4 SYSTEMPATH/View/View.php(431): CodeIgniter\View\View->render('cml/view_cml_menu_principal', null, true)
 5 APPPATH/Views/layout/main.php(26): CodeIgniter\View\View->include('cml/view_cml_menu_principal')
 6 SYSTEMPATH/View/View.php(213): include('/home/realwebce2/public_html/dashboardepscompensar.realwebcenter.com/app/Views/layout/main.php')
 7 SYSTEMPATH/View/View.php(216): CodeIgniter\View\View->CodeIgniter\View\{closure}()
 8 SYSTEMPATH/Common.php(1184): CodeIgniter\View\View->render('layout/main', [], true)
 9 APPPATH/Controllers/cml/Controll_cml.php(38): view('layout/main', [...])
10 SYSTEMPATH/CodeIgniter.php(934): App\Controllers\cml\Controll_cml->index('assets', 'demo', 'chart-area-demo.js')
11 SYSTEMPATH/CodeIgniter.php(499): CodeIgniter\CodeIgniter->runController(Object(App\Controllers\cml\Controll_cml))
12 SYSTEMPATH/CodeIgniter.php(368): CodeIgniter\CodeIgniter->handleRequest(null, Object(Config\Cache), false)
13 FCPATH/index.php(67): CodeIgniter\CodeIgniter->run()
ERROR - 2023-05-04 21:05:52 --> mysqli_sql_exception: Duplicate entry 'Prueba_1' for key 'users.username' in /home/realwebce2/public_html/dashboardepscompensar.realwebcenter.com/vendor/codeigniter4/framework/system/Database/MySQLi/Connection.php:295
Stack trace:
#0 /home/realwebce2/public_html/dashboardepscompensar.realwebcenter.com/vendor/codeigniter4/framework/system/Database/MySQLi/Connection.php(295): mysqli->query('INSERT INTO `us...', 0)
#1 /home/realwebce2/public_html/dashboardepscompensar.realwebcenter.com/vendor/codeigniter4/framework/system/Database/BaseConnection.php(691): CodeIgniter\Database\MySQLi\Connection->execute('INSERT INTO `us...')
#2 /home/realwebce2/public_html/dashboardepscompensar.realwebcenter.com/vendor/codeigniter4/framework/system/Database/BaseConnection.php(605): CodeIgniter\Database\BaseConnection->simpleQuery('INSERT INTO `us...')
#3 /home/realwebce2/public_html/dashboardepscompensar.realwebcenter.com/vendor/codeigniter4/framework/system/Database/BaseBuilder.php(2309): CodeIgniter\Database\BaseConnection->query('INSERT INTO `us...', Array, false)
#4 /home/realwebce2/public_html/dashboardepscompensar.realwebcenter.com/vendor/codeigniter4/framework/system/Model.php(330): CodeIgniter\Database\BaseBuilder->insert()
#5 /home/realwebce2/public_html/dashboardepscompensar.realwebcenter.com/vendor/codeigniter4/framework/system/BaseModel.php(782): CodeIgniter\Model->doInsert(Array)
#6 /home/realwebce2/public_html/dashboardepscompensar.realwebcenter.com/vendor/codeigniter4/framework/system/Model.php(730): CodeIgniter\BaseModel->insert(Array, false)
#7 /home/realwebce2/public_html/dashboardepscompensar.realwebcenter.com/vendor/codeigniter4/shield/src/Models/UserModel.php(269): CodeIgniter\Model->insert(Object(CodeIgniter\Shield\Entities\User), false)
#8 /home/realwebce2/public_html/dashboardepscompensar.realwebcenter.com/vendor/codeigniter4/framework/system/BaseModel.php(692): CodeIgniter\Shield\Models\UserModel->insert(Object(CodeIgniter\Shield\Entities\User), false)
#9 /home/realwebce2/public_html/dashboardepscompensar.realwebcenter.com/vendor/codeigniter4/shield/src/Models/UserModel.php(331): CodeIgniter\BaseModel->save(Object(CodeIgniter\Shield\Entities\User))
#10 /home/realwebce2/public_html/dashboardepscompensar.realwebcenter.com/app/Controllers/AdminController.php(49): CodeIgniter\Shield\Models\UserModel->save(Object(CodeIgniter\Shield\Entities\User))
#11 /home/realwebce2/public_html/dashboardepscompensar.realwebcenter.com/vendor/codeigniter4/framework/system/CodeIgniter.php(934): App\Controllers\AdminController->storeUser()
#12 /home/realwebce2/public_html/dashboardepscompensar.realwebcenter.com/vendor/codeigniter4/framework/system/CodeIgniter.php(499): CodeIgniter\CodeIgniter->runController(Object(App\Controllers\AdminController))
#13 /home/realwebce2/public_html/dashboardepscompensar.realwebcenter.com/vendor/codeigniter4/framework/system/CodeIgniter.php(368): CodeIgniter\CodeIgniter->handleRequest(NULL, Object(Config\Cache), false)
#14 /home/realwebce2/public_html/dashboardepscompensar.realwebcenter.com/index.php(67): CodeIgniter\CodeIgniter->run()
#15 {main}
CRITICAL - 2023-05-04 21:05:52 --> Duplicate entry 'Prueba_1' for key 'users.username'
in SYSTEMPATH/Database/MySQLi/Connection.php on line 295.
 1 SYSTEMPATH/Database/MySQLi/Connection.php(295): mysqli->query('INSERT INTO `users` (`username`, `created_at`, `updated_at`) VALUES (\'Prueba_1\', \'2023-05-04 21:05:52\', \'2023-05-04 21:05:52\')', 0)
 2 SYSTEMPATH/Database/BaseConnection.php(691): CodeIgniter\Database\MySQLi\Connection->execute('INSERT INTO `users` (`username`, `created_at`, `updated_at`) VALUES (\'Prueba_1\', \'2023-05-04 21:05:52\', \'2023-05-04 21:05:52\')')
 3 SYSTEMPATH/Database/BaseConnection.php(605): CodeIgniter\Database\BaseConnection->simpleQuery('INSERT INTO `users` (`username`, `created_at`, `updated_at`) VALUES (\'Prueba_1\', \'2023-05-04 21:05:52\', \'2023-05-04 21:05:52\')')
 4 SYSTEMPATH/Database/BaseBuilder.php(2309): CodeIgniter\Database\BaseConnection->query('INSERT INTO `users` (`username`, `created_at`, `updated_at`) VALUES (:username:, :created_at:, :updated_at:)', [...], false)
 5 SYSTEMPATH/Model.php(330): CodeIgniter\Database\BaseBuilder->insert()
 6 SYSTEMPATH/BaseModel.php(782): CodeIgniter\Model->doInsert([...])
 7 SYSTEMPATH/Model.php(730): CodeIgniter\BaseModel->insert([...], false)
 8 FCPATH/vendor/codeigniter4/shield/src/Models/UserModel.php(269): CodeIgniter\Model->insert(Object(CodeIgniter\Shield\Entities\User), false)
 9 SYSTEMPATH/BaseModel.php(692): CodeIgniter\Shield\Models\UserModel->insert(Object(CodeIgniter\Shield\Entities\User), false)
10 FCPATH/vendor/codeigniter4/shield/src/Models/UserModel.php(331): CodeIgniter\BaseModel->save(Object(CodeIgniter\Shield\Entities\User))
11 APPPATH/Controllers/AdminController.php(49): CodeIgniter\Shield\Models\UserModel->save(Object(CodeIgniter\Shield\Entities\User))
12 SYSTEMPATH/CodeIgniter.php(934): App\Controllers\AdminController->storeUser()
13 SYSTEMPATH/CodeIgniter.php(499): CodeIgniter\CodeIgniter->runController(Object(App\Controllers\AdminController))
14 SYSTEMPATH/CodeIgniter.php(368): CodeIgniter\CodeIgniter->handleRequest(null, Object(Config\Cache), false)
15 FCPATH/index.php(67): CodeIgniter\CodeIgniter->run()
CRITICAL - 2023-05-04 21:07:45 -->  no es un grupo válido.
in FCPATH/vendor/codeigniter4/shield/src/Authorization/AuthorizationException.php on line 15.
 1 FCPATH/vendor/codeigniter4/shield/src/Authorization/Traits/Authorizable.php(41): CodeIgniter\Shield\Authorization\AuthorizationException::forUnknownGroup('')
 2 FCPATH/vendor/codeigniter4/shield/src/Models/UserModel.php(167): CodeIgniter\Shield\Entities\User->addGroup('')
 3 APPPATH/Controllers/AdminController.php(58): CodeIgniter\Shield\Models\UserModel->addUserGroup(Object(CodeIgniter\Shield\Entities\User), '')
 4 SYSTEMPATH/CodeIgniter.php(934): App\Controllers\AdminController->storeUser()
 5 SYSTEMPATH/CodeIgniter.php(499): CodeIgniter\CodeIgniter->runController(Object(App\Controllers\AdminController))
 6 SYSTEMPATH/CodeIgniter.php(368): CodeIgniter\CodeIgniter->handleRequest(null, Object(Config\Cache), false)
 7 FCPATH/index.php(67): CodeIgniter\CodeIgniter->run()
ERROR - 2023-05-04 21:11:51 --> mysqli_sql_exception: Duplicate entry 'email_password-karenleos1903@gmail.com' for key 'auth_identities.type_secret' in /home/realwebce2/public_html/dashboardepscompensar.realwebcenter.com/vendor/codeigniter4/framework/system/Database/MySQLi/Connection.php:295
Stack trace:
#0 /home/realwebce2/public_html/dashboardepscompensar.realwebcenter.com/vendor/codeigniter4/framework/system/Database/MySQLi/Connection.php(295): mysqli->query('INSERT INTO `au...', 0)
#1 /home/realwebce2/public_html/dashboardepscompensar.realwebcenter.com/vendor/codeigniter4/framework/system/Database/BaseConnection.php(691): CodeIgniter\Database\MySQLi\Connection->execute('INSERT INTO `au...')
#2 /home/realwebce2/public_html/dashboardepscompensar.realwebcenter.com/vendor/codeigniter4/framework/system/Database/BaseConnection.php(605): CodeIgniter\Database\BaseConnection->simpleQuery('INSERT INTO `au...')
#3 /home/realwebce2/public_html/dashboardepscompensar.realwebcenter.com/vendor/codeigniter4/framework/system/Database/BaseBuilder.php(2309): CodeIgniter\Database\BaseConnection->query('INSERT INTO `au...', Array, false)
#4 /home/realwebce2/public_html/dashboardepscompensar.realwebcenter.com/vendor/codeigniter4/framework/system/Model.php(330): CodeIgniter\Database\BaseBuilder->insert()
#5 /home/realwebce2/public_html/dashboardepscompensar.realwebcenter.com/vendor/codeigniter4/framework/system/BaseModel.php(782): CodeIgniter\Model->doInsert(Array)
#6 /home/realwebce2/public_html/dashboardepscompensar.realwebcenter.com/vendor/codeigniter4/framework/system/Model.php(730): CodeIgniter\BaseModel->insert(Array, true)
#7 /home/realwebce2/public_html/dashboardepscompensar.realwebcenter.com/vendor/codeigniter4/shield/src/Models/UserIdentityModel.php(76): CodeIgniter\Model->insert(Array)
#8 /home/realwebce2/public_html/dashboardepscompensar.realwebcenter.com/vendor/codeigniter4/shield/src/Entities/User.php(131): CodeIgniter\Shield\Models\UserIdentityModel->createEmailIdentity(Object(CodeIgniter\Shield\Entities\User), Array)
#9 /home/realwebce2/public_html/dashboardepscompensar.realwebcenter.com/vendor/codeigniter4/shield/src/Entities/User.php(163): CodeIgniter\Shield\Entities\User->createEmailIdentity(Array)
#10 /home/realwebce2/public_html/dashboardepscompensar.realwebcenter.com/vendor/codeigniter4/shield/src/Models/UserModel.php(362): CodeIgniter\Shield\Entities\User->saveEmailIdentity()
#11 /home/realwebce2/public_html/dashboardepscompensar.realwebcenter.com/vendor/codeigniter4/framework/system/BaseModel.php(1562): CodeIgniter\Shield\Models\UserModel->saveEmailIdentity(Array)
#12 /home/realwebce2/public_html/dashboardepscompensar.realwebcenter.com/vendor/codeigniter4/framework/system/BaseModel.php(792): CodeIgniter\BaseModel->trigger('afterInsert', Array)
#13 /home/realwebce2/public_html/dashboardepscompensar.realwebcenter.com/vendor/codeigniter4/framework/system/Model.php(730): CodeIgniter\BaseModel->insert(Array, false)
#14 /home/realwebce2/public_html/dashboardepscompensar.realwebcenter.com/vendor/codeigniter4/shield/src/Models/UserModel.php(269): CodeIgniter\Model->insert(Object(CodeIgniter\Shield\Entities\User), false)
#15 /home/realwebce2/public_html/dashboardepscompensar.realwebcenter.com/vendor/codeigniter4/framework/system/BaseModel.php(692): CodeIgniter\Shield\Models\UserModel->insert(Object(CodeIgniter\Shield\Entities\User), false)
#16 /home/realwebce2/public_html/dashboardepscompensar.realwebcenter.com/vendor/codeigniter4/shield/src/Models/UserModel.php(331): CodeIgniter\BaseModel->save(Object(CodeIgniter\Shield\Entities\User))
#17 /home/realwebce2/public_html/dashboardepscompensar.realwebcenter.com/app/Controllers/AdminController.php(49): CodeIgniter\Shield\Models\UserModel->save(Object(CodeIgniter\Shield\Entities\User))
#18 /home/realwebce2/public_html/dashboardepscompensar.realwebcenter.com/vendor/codeigniter4/framework/system/CodeIgniter.php(934): App\Controllers\AdminController->storeUser()
#19 /home/realwebce2/public_html/dashboardepscompensar.realwebcenter.com/vendor/codeigniter4/framework/system/CodeIgniter.php(499): CodeIgniter\CodeIgniter->runController(Object(App\Controllers\AdminController))
#20 /home/realwebce2/public_html/dashboardepscompensar.realwebcenter.com/vendor/codeigniter4/framework/system/CodeIgniter.php(368): CodeIgniter\CodeIgniter->handleRequest(NULL, Object(Config\Cache), false)
#21 /home/realwebce2/public_html/dashboardepscompensar.realwebcenter.com/index.php(67): CodeIgniter\CodeIgniter->run()
#22 {main}
CRITICAL - 2023-05-04 21:11:51 --> Duplicate entry 'email_password-karenleos1903@gmail.com' for key 'auth_identities.type_secret'
in SYSTEMPATH/Database/MySQLi/Connection.php on line 295.
 1 SYSTEMPATH/Database/MySQLi/Connection.php(295): mysqli->query('INSERT INTO `auth_identities` (`user_id`, `type`, `secret`, `secret2`, `created_at`, `updated_at`) VALUES (30, \'email_password\', \'karenleos1903@gmail.com\', \'$2y$10$yYOVMmarPfCxoJbLOJkpfOMgc3vEGLe.wckxCIRO03lFxVmyn/wg.\', \'2023-05-04 21:11:51\', \'2023-05-04 21:11:51\')', 0)
 2 SYSTEMPATH/Database/BaseConnection.php(691): CodeIgniter\Database\MySQLi\Connection->execute('INSERT INTO `auth_identities` (`user_id`, `type`, `secret`, `secret2`, `created_at`, `updated_at`) VALUES (30, \'email_password\', \'karenleos1903@gmail.com\', \'$2y$10$yYOVMmarPfCxoJbLOJkpfOMgc3vEGLe.wckxCIRO03lFxVmyn/wg.\', \'2023-05-04 21:11:51\', \'2023-05-04 21:11:51\')')
 3 SYSTEMPATH/Database/BaseConnection.php(605): CodeIgniter\Database\BaseConnection->simpleQuery('INSERT INTO `auth_identities` (`user_id`, `type`, `secret`, `secret2`, `created_at`, `updated_at`) VALUES (30, \'email_password\', \'karenleos1903@gmail.com\', \'$2y$10$yYOVMmarPfCxoJbLOJkpfOMgc3vEGLe.wckxCIRO03lFxVmyn/wg.\', \'2023-05-04 21:11:51\', \'2023-05-04 21:11:51\')')
 4 SYSTEMPATH/Database/BaseBuilder.php(2309): CodeIgniter\Database\BaseConnection->query('INSERT INTO `auth_identities` (`user_id`, `type`, `secret`, `secret2`, `created_at`, `updated_at`) VALUES (:user_id:, :type:, :secret:, :secret2:, :created_at:, :updated_at:)', [...], false)
 5 SYSTEMPATH/Model.php(330): CodeIgniter\Database\BaseBuilder->insert()
 6 SYSTEMPATH/BaseModel.php(782): CodeIgniter\Model->doInsert([...])
 7 SYSTEMPATH/Model.php(730): CodeIgniter\BaseModel->insert([...], true)
 8 FCPATH/vendor/codeigniter4/shield/src/Models/UserIdentityModel.php(76): CodeIgniter\Model->insert([...])
 9 FCPATH/vendor/codeigniter4/shield/src/Entities/User.php(131): CodeIgniter\Shield\Models\UserIdentityModel->createEmailIdentity(Object(CodeIgniter\Shield\Entities\User), [...])
10 FCPATH/vendor/codeigniter4/shield/src/Entities/User.php(163): CodeIgniter\Shield\Entities\User->createEmailIdentity([...])
11 FCPATH/vendor/codeigniter4/shield/src/Models/UserModel.php(362): CodeIgniter\Shield\Entities\User->saveEmailIdentity()
12 SYSTEMPATH/BaseModel.php(1562): CodeIgniter\Shield\Models\UserModel->saveEmailIdentity([...])
13 SYSTEMPATH/BaseModel.php(792): CodeIgniter\BaseModel->trigger('afterInsert', [...])
14 SYSTEMPATH/Model.php(730): CodeIgniter\BaseModel->insert([...], false)
15 FCPATH/vendor/codeigniter4/shield/src/Models/UserModel.php(269): CodeIgniter\Model->insert(Object(CodeIgniter\Shield\Entities\User), false)
16 SYSTEMPATH/BaseModel.php(692): CodeIgniter\Shield\Models\UserModel->insert(Object(CodeIgniter\Shield\Entities\User), false)
17 FCPATH/vendor/codeigniter4/shield/src/Models/UserModel.php(331): CodeIgniter\BaseModel->save(Object(CodeIgniter\Shield\Entities\User))
18 APPPATH/Controllers/AdminController.php(49): CodeIgniter\Shield\Models\UserModel->save(Object(CodeIgniter\Shield\Entities\User))
19 SYSTEMPATH/CodeIgniter.php(934): App\Controllers\AdminController->storeUser()
20 SYSTEMPATH/CodeIgniter.php(499): CodeIgniter\CodeIgniter->runController(Object(App\Controllers\AdminController))
21 SYSTEMPATH/CodeIgniter.php(368): CodeIgniter\CodeIgniter->handleRequest(null, Object(Config\Cache), false)
22 FCPATH/index.php(67): CodeIgniter\CodeIgniter->run()
ERROR - 2023-05-04 21:12:18 --> mysqli_sql_exception: Duplicate entry 'prueba3' for key 'users.username' in /home/realwebce2/public_html/dashboardepscompensar.realwebcenter.com/vendor/codeigniter4/framework/system/Database/MySQLi/Connection.php:295
Stack trace:
#0 /home/realwebce2/public_html/dashboardepscompensar.realwebcenter.com/vendor/codeigniter4/framework/system/Database/MySQLi/Connection.php(295): mysqli->query('INSERT INTO `us...', 0)
#1 /home/realwebce2/public_html/dashboardepscompensar.realwebcenter.com/vendor/codeigniter4/framework/system/Database/BaseConnection.php(691): CodeIgniter\Database\MySQLi\Connection->execute('INSERT INTO `us...')
#2 /home/realwebce2/public_html/dashboardepscompensar.realwebcenter.com/vendor/codeigniter4/framework/system/Database/BaseConnection.php(605): CodeIgniter\Database\BaseConnection->simpleQuery('INSERT INTO `us...')
#3 /home/realwebce2/public_html/dashboardepscompensar.realwebcenter.com/vendor/codeigniter4/framework/system/Database/BaseBuilder.php(2309): CodeIgniter\Database\BaseConnection->query('INSERT INTO `us...', Array, false)
#4 /home/realwebce2/public_html/dashboardepscompensar.realwebcenter.com/vendor/codeigniter4/framework/system/Model.php(330): CodeIgniter\Database\BaseBuilder->insert()
#5 /home/realwebce2/public_html/dashboardepscompensar.realwebcenter.com/vendor/codeigniter4/framework/system/BaseModel.php(782): CodeIgniter\Model->doInsert(Array)
#6 /home/realwebce2/public_html/dashboardepscompensar.realwebcenter.com/vendor/codeigniter4/framework/system/Model.php(730): CodeIgniter\BaseModel->insert(Array, false)
#7 /home/realwebce2/public_html/dashboardepscompensar.realwebcenter.com/vendor/codeigniter4/shield/src/Models/UserModel.php(269): CodeIgniter\Model->insert(Object(CodeIgniter\Shield\Entities\User), false)
#8 /home/realwebce2/public_html/dashboardepscompensar.realwebcenter.com/vendor/codeigniter4/framework/system/BaseModel.php(692): CodeIgniter\Shield\Models\UserModel->insert(Object(CodeIgniter\Shield\Entities\User), false)
#9 /home/realwebce2/public_html/dashboardepscompensar.realwebcenter.com/vendor/codeigniter4/shield/src/Models/UserModel.php(331): CodeIgniter\BaseModel->save(Object(CodeIgniter\Shield\Entities\User))
#10 /home/realwebce2/public_html/dashboardepscompensar.realwebcenter.com/app/Controllers/AdminController.php(49): CodeIgniter\Shield\Models\UserModel->save(Object(CodeIgniter\Shield\Entities\User))
#11 /home/realwebce2/public_html/dashboardepscompensar.realwebcenter.com/vendor/codeigniter4/framework/system/CodeIgniter.php(934): App\Controllers\AdminController->storeUser()
#12 /home/realwebce2/public_html/dashboardepscompensar.realwebcenter.com/vendor/codeigniter4/framework/system/CodeIgniter.php(499): CodeIgniter\CodeIgniter->runController(Object(App\Controllers\AdminController))
#13 /home/realwebce2/public_html/dashboardepscompensar.realwebcenter.com/vendor/codeigniter4/framework/system/CodeIgniter.php(368): CodeIgniter\CodeIgniter->handleRequest(NULL, Object(Config\Cache), false)
#14 /home/realwebce2/public_html/dashboardepscompensar.realwebcenter.com/index.php(67): CodeIgniter\CodeIgniter->run()
#15 {main}
CRITICAL - 2023-05-04 21:12:18 --> Duplicate entry 'prueba3' for key 'users.username'
in SYSTEMPATH/Database/MySQLi/Connection.php on line 295.
 1 SYSTEMPATH/Database/MySQLi/Connection.php(295): mysqli->query('INSERT INTO `users` (`username`, `created_at`, `updated_at`) VALUES (\'prueba3\', \'2023-05-04 21:12:18\', \'2023-05-04 21:12:18\')', 0)
 2 SYSTEMPATH/Database/BaseConnection.php(691): CodeIgniter\Database\MySQLi\Connection->execute('INSERT INTO `users` (`username`, `created_at`, `updated_at`) VALUES (\'prueba3\', \'2023-05-04 21:12:18\', \'2023-05-04 21:12:18\')')
 3 SYSTEMPATH/Database/BaseConnection.php(605): CodeIgniter\Database\BaseConnection->simpleQuery('INSERT INTO `users` (`username`, `created_at`, `updated_at`) VALUES (\'prueba3\', \'2023-05-04 21:12:18\', \'2023-05-04 21:12:18\')')
 4 SYSTEMPATH/Database/BaseBuilder.php(2309): CodeIgniter\Database\BaseConnection->query('INSERT INTO `users` (`username`, `created_at`, `updated_at`) VALUES (:username:, :created_at:, :updated_at:)', [...], false)
 5 SYSTEMPATH/Model.php(330): CodeIgniter\Database\BaseBuilder->insert()
 6 SYSTEMPATH/BaseModel.php(782): CodeIgniter\Model->doInsert([...])
 7 SYSTEMPATH/Model.php(730): CodeIgniter\BaseModel->insert([...], false)
 8 FCPATH/vendor/codeigniter4/shield/src/Models/UserModel.php(269): CodeIgniter\Model->insert(Object(CodeIgniter\Shield\Entities\User), false)
 9 SYSTEMPATH/BaseModel.php(692): CodeIgniter\Shield\Models\UserModel->insert(Object(CodeIgniter\Shield\Entities\User), false)
10 FCPATH/vendor/codeigniter4/shield/src/Models/UserModel.php(331): CodeIgniter\BaseModel->save(Object(CodeIgniter\Shield\Entities\User))
11 APPPATH/Controllers/AdminController.php(49): CodeIgniter\Shield\Models\UserModel->save(Object(CodeIgniter\Shield\Entities\User))
12 SYSTEMPATH/CodeIgniter.php(934): App\Controllers\AdminController->storeUser()
13 SYSTEMPATH/CodeIgniter.php(499): CodeIgniter\CodeIgniter->runController(Object(App\Controllers\AdminController))
14 SYSTEMPATH/CodeIgniter.php(368): CodeIgniter\CodeIgniter->handleRequest(null, Object(Config\Cache), false)
15 FCPATH/index.php(67): CodeIgniter\CodeIgniter->run()
CRITICAL - 2023-05-04 21:25:41 --> Undefined array key "js"
in APPPATH/Views/cml/view_cml_menu_principal.php on line 14.
 1 APPPATH/Views/cml/view_cml_menu_principal.php(14): CodeIgniter\Debug\Exceptions->errorHandler(2, 'Undefined array key "js"', '/home/realwebce2/public_html/dashboardepscompensar.realwebcenter.com/app/Views/cml/view_cml_menu_principal.php', 14)
 2 SYSTEMPATH/View/View.php(213): include('/home/realwebce2/public_html/dashboardepscompensar.realwebcenter.com/app/Views/cml/view_cml_menu_principal.php')
 3 SYSTEMPATH/View/View.php(216): CodeIgniter\View\View->CodeIgniter\View\{closure}()
 4 SYSTEMPATH/View/View.php(431): CodeIgniter\View\View->render('cml/view_cml_menu_principal', null, true)
 5 APPPATH/Views/layout/main.php(26): CodeIgniter\View\View->include('cml/view_cml_menu_principal')
 6 SYSTEMPATH/View/View.php(213): include('/home/realwebce2/public_html/dashboardepscompensar.realwebcenter.com/app/Views/layout/main.php')
 7 SYSTEMPATH/View/View.php(216): CodeIgniter\View\View->CodeIgniter\View\{closure}()
 8 SYSTEMPATH/Common.php(1184): CodeIgniter\View\View->render('layout/main', [], true)
 9 APPPATH/Controllers/cml/Controll_cml.php(38): view('layout/main', [...])
10 SYSTEMPATH/CodeIgniter.php(934): App\Controllers\cml\Controll_cml->index('js', 'scripts.js')
11 SYSTEMPATH/CodeIgniter.php(499): CodeIgniter\CodeIgniter->runController(Object(App\Controllers\cml\Controll_cml))
12 SYSTEMPATH/CodeIgniter.php(368): CodeIgniter\CodeIgniter->handleRequest(null, Object(Config\Cache), false)
13 FCPATH/index.php(67): CodeIgniter\CodeIgniter->run()
CRITICAL - 2023-05-04 21:25:41 --> Undefined array key "assets"
in APPPATH/Views/cml/view_cml_menu_principal.php on line 14.
 1 APPPATH/Views/cml/view_cml_menu_principal.php(14): CodeIgniter\Debug\Exceptions->errorHandler(2, 'Undefined array key "assets"', '/home/realwebce2/public_html/dashboardepscompensar.realwebcenter.com/app/Views/cml/view_cml_menu_principal.php', 14)
 2 SYSTEMPATH/View/View.php(213): include('/home/realwebce2/public_html/dashboardepscompensar.realwebcenter.com/app/Views/cml/view_cml_menu_principal.php')
 3 SYSTEMPATH/View/View.php(216): CodeIgniter\View\View->CodeIgniter\View\{closure}()
 4 SYSTEMPATH/View/View.php(431): CodeIgniter\View\View->render('cml/view_cml_menu_principal', null, true)
 5 APPPATH/Views/layout/main.php(26): CodeIgniter\View\View->include('cml/view_cml_menu_principal')
 6 SYSTEMPATH/View/View.php(213): include('/home/realwebce2/public_html/dashboardepscompensar.realwebcenter.com/app/Views/layout/main.php')
 7 SYSTEMPATH/View/View.php(216): CodeIgniter\View\View->CodeIgniter\View\{closure}()
 8 SYSTEMPATH/Common.php(1184): CodeIgniter\View\View->render('layout/main', [], true)
 9 APPPATH/Controllers/cml/Controll_cml.php(38): view('layout/main', [...])
10 SYSTEMPATH/CodeIgniter.php(934): App\Controllers\cml\Controll_cml->index('assets', 'demo', 'chart-area-demo.js')
11 SYSTEMPATH/CodeIgniter.php(499): CodeIgniter\CodeIgniter->runController(Object(App\Controllers\cml\Controll_cml))
12 SYSTEMPATH/CodeIgniter.php(368): CodeIgniter\CodeIgniter->handleRequest(null, Object(Config\Cache), false)
13 FCPATH/index.php(67): CodeIgniter\CodeIgniter->run()
CRITICAL - 2023-05-04 21:25:41 --> Undefined array key "assets"
in APPPATH/Views/cml/view_cml_menu_principal.php on line 14.
 1 APPPATH/Views/cml/view_cml_menu_principal.php(14): CodeIgniter\Debug\Exceptions->errorHandler(2, 'Undefined array key "assets"', '/home/realwebce2/public_html/dashboardepscompensar.realwebcenter.com/app/Views/cml/view_cml_menu_principal.php', 14)
 2 SYSTEMPATH/View/View.php(213): include('/home/realwebce2/public_html/dashboardepscompensar.realwebcenter.com/app/Views/cml/view_cml_menu_principal.php')
 3 SYSTEMPATH/View/View.php(216): CodeIgniter\View\View->CodeIgniter\View\{closure}()
 4 SYSTEMPATH/View/View.php(431): CodeIgniter\View\View->render('cml/view_cml_menu_principal', null, true)
 5 APPPATH/Views/layout/main.php(26): CodeIgniter\View\View->include('cml/view_cml_menu_principal')
 6 SYSTEMPATH/View/View.php(213): include('/home/realwebce2/public_html/dashboardepscompensar.realwebcenter.com/app/Views/layout/main.php')
 7 SYSTEMPATH/View/View.php(216): CodeIgniter\View\View->CodeIgniter\View\{closure}()
 8 SYSTEMPATH/Common.php(1184): CodeIgniter\View\View->render('layout/main', [], true)
 9 APPPATH/Controllers/cml/Controll_cml.php(38): view('layout/main', [...])
10 SYSTEMPATH/CodeIgniter.php(934): App\Controllers\cml\Controll_cml->index('assets', 'demo', 'chart-bar-demo.js')
11 SYSTEMPATH/CodeIgniter.php(499): CodeIgniter\CodeIgniter->runController(Object(App\Controllers\cml\Controll_cml))
12 SYSTEMPATH/CodeIgniter.php(368): CodeIgniter\CodeIgniter->handleRequest(null, Object(Config\Cache), false)
13 FCPATH/index.php(67): CodeIgniter\CodeIgniter->run()
CRITICAL - 2023-05-04 21:25:41 --> Undefined array key "assets"
in APPPATH/Views/cml/view_cml_menu_principal.php on line 14.
 1 APPPATH/Views/cml/view_cml_menu_principal.php(14): CodeIgniter\Debug\Exceptions->errorHandler(2, 'Undefined array key "assets"', '/home/realwebce2/public_html/dashboardepscompensar.realwebcenter.com/app/Views/cml/view_cml_menu_principal.php', 14)
 2 SYSTEMPATH/View/View.php(213): include('/home/realwebce2/public_html/dashboardepscompensar.realwebcenter.com/app/Views/cml/view_cml_menu_principal.php')
 3 SYSTEMPATH/View/View.php(216): CodeIgniter\View\View->CodeIgniter\View\{closure}()
 4 SYSTEMPATH/View/View.php(431): CodeIgniter\View\View->render('cml/view_cml_menu_principal', null, true)
 5 APPPATH/Views/layout/main.php(26): CodeIgniter\View\View->include('cml/view_cml_menu_principal')
 6 SYSTEMPATH/View/View.php(213): include('/home/realwebce2/public_html/dashboardepscompensar.realwebcenter.com/app/Views/layout/main.php')
 7 SYSTEMPATH/View/View.php(216): CodeIgniter\View\View->CodeIgniter\View\{closure}()
 8 SYSTEMPATH/Common.php(1184): CodeIgniter\View\View->render('layout/main', [], true)
 9 APPPATH/Controllers/cml/Controll_cml.php(38): view('layout/main', [...])
10 SYSTEMPATH/CodeIgniter.php(934): App\Controllers\cml\Controll_cml->index('assets', 'demo', 'chart-pie-demo.js')
11 SYSTEMPATH/CodeIgniter.php(499): CodeIgniter\CodeIgniter->runController(Object(App\Controllers\cml\Controll_cml))
12 SYSTEMPATH/CodeIgniter.php(368): CodeIgniter\CodeIgniter->handleRequest(null, Object(Config\Cache), false)
13 FCPATH/index.php(67): CodeIgniter\CodeIgniter->run()
CRITICAL - 2023-05-04 21:27:46 --> Undefined array key "js"
in APPPATH/Views/cml/view_cml_menu_principal.php on line 14.
 1 APPPATH/Views/cml/view_cml_menu_principal.php(14): CodeIgniter\Debug\Exceptions->errorHandler(2, 'Undefined array key "js"', '/home/realwebce2/public_html/dashboardepscompensar.realwebcenter.com/app/Views/cml/view_cml_menu_principal.php', 14)
 2 SYSTEMPATH/View/View.php(213): include('/home/realwebce2/public_html/dashboardepscompensar.realwebcenter.com/app/Views/cml/view_cml_menu_principal.php')
 3 SYSTEMPATH/View/View.php(216): CodeIgniter\View\View->CodeIgniter\View\{closure}()
 4 SYSTEMPATH/View/View.php(431): CodeIgniter\View\View->render('cml/view_cml_menu_principal', null, true)
 5 APPPATH/Views/layout/main.php(26): CodeIgniter\View\View->include('cml/view_cml_menu_principal')
 6 SYSTEMPATH/View/View.php(213): include('/home/realwebce2/public_html/dashboardepscompensar.realwebcenter.com/app/Views/layout/main.php')
 7 SYSTEMPATH/View/View.php(216): CodeIgniter\View\View->CodeIgniter\View\{closure}()
 8 SYSTEMPATH/Common.php(1184): CodeIgniter\View\View->render('layout/main', [], true)
 9 APPPATH/Controllers/cml/Controll_cml.php(38): view('layout/main', [...])
10 SYSTEMPATH/CodeIgniter.php(934): App\Controllers\cml\Controll_cml->index('js', 'scripts.js')
11 SYSTEMPATH/CodeIgniter.php(499): CodeIgniter\CodeIgniter->runController(Object(App\Controllers\cml\Controll_cml))
12 SYSTEMPATH/CodeIgniter.php(368): CodeIgniter\CodeIgniter->handleRequest(null, Object(Config\Cache), false)
13 FCPATH/index.php(67): CodeIgniter\CodeIgniter->run()
CRITICAL - 2023-05-04 21:27:46 --> Undefined array key "assets"
in APPPATH/Views/cml/view_cml_menu_principal.php on line 14.
 1 APPPATH/Views/cml/view_cml_menu_principal.php(14): CodeIgniter\Debug\Exceptions->errorHandler(2, 'Undefined array key "assets"', '/home/realwebce2/public_html/dashboardepscompensar.realwebcenter.com/app/Views/cml/view_cml_menu_principal.php', 14)
 2 SYSTEMPATH/View/View.php(213): include('/home/realwebce2/public_html/dashboardepscompensar.realwebcenter.com/app/Views/cml/view_cml_menu_principal.php')
 3 SYSTEMPATH/View/View.php(216): CodeIgniter\View\View->CodeIgniter\View\{closure}()
 4 SYSTEMPATH/View/View.php(431): CodeIgniter\View\View->render('cml/view_cml_menu_principal', null, true)
 5 APPPATH/Views/layout/main.php(26): CodeIgniter\View\View->include('cml/view_cml_menu_principal')
 6 SYSTEMPATH/View/View.php(213): include('/home/realwebce2/public_html/dashboardepscompensar.realwebcenter.com/app/Views/layout/main.php')
 7 SYSTEMPATH/View/View.php(216): CodeIgniter\View\View->CodeIgniter\View\{closure}()
 8 SYSTEMPATH/Common.php(1184): CodeIgniter\View\View->render('layout/main', [], true)
 9 APPPATH/Controllers/cml/Controll_cml.php(38): view('layout/main', [...])
10 SYSTEMPATH/CodeIgniter.php(934): App\Controllers\cml\Controll_cml->index('assets', 'demo', 'chart-area-demo.js')
11 SYSTEMPATH/CodeIgniter.php(499): CodeIgniter\CodeIgniter->runController(Object(App\Controllers\cml\Controll_cml))
12 SYSTEMPATH/CodeIgniter.php(368): CodeIgniter\CodeIgniter->handleRequest(null, Object(Config\Cache), false)
13 FCPATH/index.php(67): CodeIgniter\CodeIgniter->run()
CRITICAL - 2023-05-04 21:27:47 --> Undefined array key "assets"
in APPPATH/Views/cml/view_cml_menu_principal.php on line 14.
 1 APPPATH/Views/cml/view_cml_menu_principal.php(14): CodeIgniter\Debug\Exceptions->errorHandler(2, 'Undefined array key "assets"', '/home/realwebce2/public_html/dashboardepscompensar.realwebcenter.com/app/Views/cml/view_cml_menu_principal.php', 14)
 2 SYSTEMPATH/View/View.php(213): include('/home/realwebce2/public_html/dashboardepscompensar.realwebcenter.com/app/Views/cml/view_cml_menu_principal.php')
 3 SYSTEMPATH/View/View.php(216): CodeIgniter\View\View->CodeIgniter\View\{closure}()
 4 SYSTEMPATH/View/View.php(431): CodeIgniter\View\View->render('cml/view_cml_menu_principal', null, true)
 5 APPPATH/Views/layout/main.php(26): CodeIgniter\View\View->include('cml/view_cml_menu_principal')
 6 SYSTEMPATH/View/View.php(213): include('/home/realwebce2/public_html/dashboardepscompensar.realwebcenter.com/app/Views/layout/main.php')
 7 SYSTEMPATH/View/View.php(216): CodeIgniter\View\View->CodeIgniter\View\{closure}()
 8 SYSTEMPATH/Common.php(1184): CodeIgniter\View\View->render('layout/main', [], true)
 9 APPPATH/Controllers/cml/Controll_cml.php(38): view('layout/main', [...])
10 SYSTEMPATH/CodeIgniter.php(934): App\Controllers\cml\Controll_cml->index('assets', 'demo', 'chart-bar-demo.js')
11 SYSTEMPATH/CodeIgniter.php(499): CodeIgniter\CodeIgniter->runController(Object(App\Controllers\cml\Controll_cml))
12 SYSTEMPATH/CodeIgniter.php(368): CodeIgniter\CodeIgniter->handleRequest(null, Object(Config\Cache), false)
13 FCPATH/index.php(67): CodeIgniter\CodeIgniter->run()
CRITICAL - 2023-05-04 21:27:47 --> Undefined array key "assets"
in APPPATH/Views/cml/view_cml_menu_principal.php on line 14.
 1 APPPATH/Views/cml/view_cml_menu_principal.php(14): CodeIgniter\Debug\Exceptions->errorHandler(2, 'Undefined array key "assets"', '/home/realwebce2/public_html/dashboardepscompensar.realwebcenter.com/app/Views/cml/view_cml_menu_principal.php', 14)
 2 SYSTEMPATH/View/View.php(213): include('/home/realwebce2/public_html/dashboardepscompensar.realwebcenter.com/app/Views/cml/view_cml_menu_principal.php')
 3 SYSTEMPATH/View/View.php(216): CodeIgniter\View\View->CodeIgniter\View\{closure}()
 4 SYSTEMPATH/View/View.php(431): CodeIgniter\View\View->render('cml/view_cml_menu_principal', null, true)
 5 APPPATH/Views/layout/main.php(26): CodeIgniter\View\View->include('cml/view_cml_menu_principal')
 6 SYSTEMPATH/View/View.php(213): include('/home/realwebce2/public_html/dashboardepscompensar.realwebcenter.com/app/Views/layout/main.php')
 7 SYSTEMPATH/View/View.php(216): CodeIgniter\View\View->CodeIgniter\View\{closure}()
 8 SYSTEMPATH/Common.php(1184): CodeIgniter\View\View->render('layout/main', [], true)
 9 APPPATH/Controllers/cml/Controll_cml.php(38): view('layout/main', [...])
10 SYSTEMPATH/CodeIgniter.php(934): App\Controllers\cml\Controll_cml->index('assets', 'demo', 'chart-pie-demo.js')
11 SYSTEMPATH/CodeIgniter.php(499): CodeIgniter\CodeIgniter->runController(Object(App\Controllers\cml\Controll_cml))
12 SYSTEMPATH/CodeIgniter.php(368): CodeIgniter\CodeIgniter->handleRequest(null, Object(Config\Cache), false)
13 FCPATH/index.php(67): CodeIgniter\CodeIgniter->run()
CRITICAL - 2023-05-04 21:40:49 --> Undefined array key "js"
in APPPATH/Views/cml/view_cml_menu_principal.php on line 14.
 1 APPPATH/Views/cml/view_cml_menu_principal.php(14): CodeIgniter\Debug\Exceptions->errorHandler(2, 'Undefined array key "js"', '/home/realwebce2/public_html/dashboardepscompensar.realwebcenter.com/app/Views/cml/view_cml_menu_principal.php', 14)
 2 SYSTEMPATH/View/View.php(213): include('/home/realwebce2/public_html/dashboardepscompensar.realwebcenter.com/app/Views/cml/view_cml_menu_principal.php')
 3 SYSTEMPATH/View/View.php(216): CodeIgniter\View\View->CodeIgniter\View\{closure}()
 4 SYSTEMPATH/View/View.php(431): CodeIgniter\View\View->render('cml/view_cml_menu_principal', null, true)
 5 APPPATH/Views/layout/main.php(26): CodeIgniter\View\View->include('cml/view_cml_menu_principal')
 6 SYSTEMPATH/View/View.php(213): include('/home/realwebce2/public_html/dashboardepscompensar.realwebcenter.com/app/Views/layout/main.php')
 7 SYSTEMPATH/View/View.php(216): CodeIgniter\View\View->CodeIgniter\View\{closure}()
 8 SYSTEMPATH/Common.php(1184): CodeIgniter\View\View->render('layout/main', [], true)
 9 APPPATH/Controllers/cml/Controll_cml.php(38): view('layout/main', [...])
10 SYSTEMPATH/CodeIgniter.php(934): App\Controllers\cml\Controll_cml->index('js', 'scripts.js')
11 SYSTEMPATH/CodeIgniter.php(499): CodeIgniter\CodeIgniter->runController(Object(App\Controllers\cml\Controll_cml))
12 SYSTEMPATH/CodeIgniter.php(368): CodeIgniter\CodeIgniter->handleRequest(null, Object(Config\Cache), false)
13 FCPATH/index.php(67): CodeIgniter\CodeIgniter->run()
CRITICAL - 2023-05-04 21:40:49 --> Undefined array key "assets"
in APPPATH/Views/cml/view_cml_menu_principal.php on line 14.
 1 APPPATH/Views/cml/view_cml_menu_principal.php(14): CodeIgniter\Debug\Exceptions->errorHandler(2, 'Undefined array key "assets"', '/home/realwebce2/public_html/dashboardepscompensar.realwebcenter.com/app/Views/cml/view_cml_menu_principal.php', 14)
 2 SYSTEMPATH/View/View.php(213): include('/home/realwebce2/public_html/dashboardepscompensar.realwebcenter.com/app/Views/cml/view_cml_menu_principal.php')
 3 SYSTEMPATH/View/View.php(216): CodeIgniter\View\View->CodeIgniter\View\{closure}()
 4 SYSTEMPATH/View/View.php(431): CodeIgniter\View\View->render('cml/view_cml_menu_principal', null, true)
 5 APPPATH/Views/layout/main.php(26): CodeIgniter\View\View->include('cml/view_cml_menu_principal')
 6 SYSTEMPATH/View/View.php(213): include('/home/realwebce2/public_html/dashboardepscompensar.realwebcenter.com/app/Views/layout/main.php')
 7 SYSTEMPATH/View/View.php(216): CodeIgniter\View\View->CodeIgniter\View\{closure}()
 8 SYSTEMPATH/Common.php(1184): CodeIgniter\View\View->render('layout/main', [], true)
 9 APPPATH/Controllers/cml/Controll_cml.php(38): view('layout/main', [...])
10 SYSTEMPATH/CodeIgniter.php(934): App\Controllers\cml\Controll_cml->index('assets', 'demo', 'chart-area-demo.js')
11 SYSTEMPATH/CodeIgniter.php(499): CodeIgniter\CodeIgniter->runController(Object(App\Controllers\cml\Controll_cml))
12 SYSTEMPATH/CodeIgniter.php(368): CodeIgniter\CodeIgniter->handleRequest(null, Object(Config\Cache), false)
13 FCPATH/index.php(67): CodeIgniter\CodeIgniter->run()
CRITICAL - 2023-05-04 21:40:49 --> Undefined array key "assets"
in APPPATH/Views/cml/view_cml_menu_principal.php on line 14.
 1 APPPATH/Views/cml/view_cml_menu_principal.php(14): CodeIgniter\Debug\Exceptions->errorHandler(2, 'Undefined array key "assets"', '/home/realwebce2/public_html/dashboardepscompensar.realwebcenter.com/app/Views/cml/view_cml_menu_principal.php', 14)
 2 SYSTEMPATH/View/View.php(213): include('/home/realwebce2/public_html/dashboardepscompensar.realwebcenter.com/app/Views/cml/view_cml_menu_principal.php')
 3 SYSTEMPATH/View/View.php(216): CodeIgniter\View\View->CodeIgniter\View\{closure}()
 4 SYSTEMPATH/View/View.php(431): CodeIgniter\View\View->render('cml/view_cml_menu_principal', null, true)
 5 APPPATH/Views/layout/main.php(26): CodeIgniter\View\View->include('cml/view_cml_menu_principal')
 6 SYSTEMPATH/View/View.php(213): include('/home/realwebce2/public_html/dashboardepscompensar.realwebcenter.com/app/Views/layout/main.php')
 7 SYSTEMPATH/View/View.php(216): CodeIgniter\View\View->CodeIgniter\View\{closure}()
 8 SYSTEMPATH/Common.php(1184): CodeIgniter\View\View->render('layout/main', [], true)
 9 APPPATH/Controllers/cml/Controll_cml.php(38): view('layout/main', [...])
10 SYSTEMPATH/CodeIgniter.php(934): App\Controllers\cml\Controll_cml->index('assets', 'demo', 'chart-bar-demo.js')
11 SYSTEMPATH/CodeIgniter.php(499): CodeIgniter\CodeIgniter->runController(Object(App\Controllers\cml\Controll_cml))
12 SYSTEMPATH/CodeIgniter.php(368): CodeIgniter\CodeIgniter->handleRequest(null, Object(Config\Cache), false)
13 FCPATH/index.php(67): CodeIgniter\CodeIgniter->run()
CRITICAL - 2023-05-04 21:40:49 --> Undefined array key "assets"
in APPPATH/Views/cml/view_cml_menu_principal.php on line 14.
 1 APPPATH/Views/cml/view_cml_menu_principal.php(14): CodeIgniter\Debug\Exceptions->errorHandler(2, 'Undefined array key "assets"', '/home/realwebce2/public_html/dashboardepscompensar.realwebcenter.com/app/Views/cml/view_cml_menu_principal.php', 14)
 2 SYSTEMPATH/View/View.php(213): include('/home/realwebce2/public_html/dashboardepscompensar.realwebcenter.com/app/Views/cml/view_cml_menu_principal.php')
 3 SYSTEMPATH/View/View.php(216): CodeIgniter\View\View->CodeIgniter\View\{closure}()
 4 SYSTEMPATH/View/View.php(431): CodeIgniter\View\View->render('cml/view_cml_menu_principal', null, true)
 5 APPPATH/Views/layout/main.php(26): CodeIgniter\View\View->include('cml/view_cml_menu_principal')
 6 SYSTEMPATH/View/View.php(213): include('/home/realwebce2/public_html/dashboardepscompensar.realwebcenter.com/app/Views/layout/main.php')
 7 SYSTEMPATH/View/View.php(216): CodeIgniter\View\View->CodeIgniter\View\{closure}()
 8 SYSTEMPATH/Common.php(1184): CodeIgniter\View\View->render('layout/main', [], true)
 9 APPPATH/Controllers/cml/Controll_cml.php(38): view('layout/main', [...])
10 SYSTEMPATH/CodeIgniter.php(934): App\Controllers\cml\Controll_cml->index('assets', 'demo', 'chart-pie-demo.js')
11 SYSTEMPATH/CodeIgniter.php(499): CodeIgniter\CodeIgniter->runController(Object(App\Controllers\cml\Controll_cml))
12 SYSTEMPATH/CodeIgniter.php(368): CodeIgniter\CodeIgniter->handleRequest(null, Object(Config\Cache), false)
13 FCPATH/index.php(67): CodeIgniter\CodeIgniter->run()
